22-02-2021 09:29:25 - com.toprate.hr_tek_demo.HrTekDemoApplication [restartedMain] INFO  - Starting HrTekDemoApplication using Java 1.8.0_281 on TRUNGDV10 with PID 11604 (F:\HR_Tek\target\classes started by Admin in F:\HR_Tek)
22-02-2021 09:29:25 - com.toprate.hr_tek_demo.HrTekDemoApplication [restartedMain] INFO  - No active profile set, falling back to default profiles: default
22-02-2021 09:29:25 - org.springframework.boot.devtools.env.DevToolsPropertyDefaultsPostProcessor [restartedMain] INFO  - Devtools property defaults active! Set 'spring.devtools.add-properties' to 'false' to disable
22-02-2021 09:29:25 - org.springframework.boot.devtools.env.DevToolsPropertyDefaultsPostProcessor [restartedMain] INFO  - For additional web related logging consider setting the 'logging.level.web' property to 'DEBUG'
22-02-2021 09:29:26 - org.springframework.data.repository.config.RepositoryConfigurationDelegate [restartedMain] INFO  - Bootstrapping Spring Data JPA repositories in DEFAULT mode.
22-02-2021 09:29:26 - org.springframework.data.repository.config.RepositoryConfigurationDelegate [restartedMain] INFO  - Finished Spring Data repository scanning in 138 ms. Found 15 JPA repository interfaces.
22-02-2021 09:29:27 - org.springframework.boot.web.embedded.tomcat.TomcatWebServer [restartedMain] INFO  - Tomcat initialized with port(s): 8080 (http)
22-02-2021 09:29:27 - org.apache.coyote.http11.Http11NioProtocol [restartedMain] INFO  - Initializing ProtocolHandler ["http-nio-8080"]
22-02-2021 09:29:27 - org.apache.catalina.core.StandardService [restartedMain] INFO  - Starting service [Tomcat]
22-02-2021 09:29:27 - org.apache.catalina.core.StandardEngine [restartedMain] INFO  - Starting Servlet engine: [Apache Tomcat/9.0.41]
22-02-2021 09:29:27 - org.apache.jasper.servlet.TldScanner [restartedMain] INFO  - At least one JAR was scanned for TLDs yet contained no TLDs. Enable debug logging for this logger for a complete list of JARs that were scanned but no TLDs were found in them. Skipping unneeded JARs during scanning can improve startup time and JSP compilation time.
22-02-2021 09:29:27 - org.apache.catalina.core.ContainerBase.[Tomcat].[localhost].[/] [restartedMain] INFO  - Initializing Spring embedded WebApplicationContext
22-02-2021 09:29:27 - org.springframework.boot.web.servlet.context.ServletWebServerApplicationContext [restartedMain] INFO  - Root WebApplicationContext: initialization completed in 2510 ms
22-02-2021 09:29:28 - org.hibernate.jpa.internal.util.LogHelper [restartedMain] INFO  - HHH000204: Processing PersistenceUnitInfo [name: default]
22-02-2021 09:29:28 - org.hibernate.Version [restartedMain] INFO  - HHH000412: Hibernate ORM core version 5.4.25.Final
22-02-2021 09:29:28 - org.hibernate.annotations.common.Version [restartedMain] INFO  - HCANN000001: Hibernate Commons Annotations {5.1.2.Final}
22-02-2021 09:29:28 - com.zaxxer.hikari.HikariDataSource [restartedMain] INFO  - HikariPool-1 - Starting...
22-02-2021 09:29:29 - com.zaxxer.hikari.HikariDataSource [restartedMain] INFO  - HikariPool-1 - Start completed.
22-02-2021 09:29:29 - org.hibernate.dialect.Dialect [restartedMain] INFO  - HHH000400: Using dialect: org.hibernate.dialect.MySQL55Dialect
22-02-2021 09:29:30 - org.hibernate.engine.transaction.jta.platform.internal.JtaPlatformInitiator [restartedMain] INFO  - HHH000490: Using JtaPlatform implementation: [org.hibernate.engine.transaction.jta.platform.internal.NoJtaPlatform]
22-02-2021 09:29:30 - org.springframework.orm.jpa.LocalContainerEntityManagerFactoryBean [restartedMain] INFO  - Initialized JPA EntityManagerFactory for persistence unit 'default'
22-02-2021 09:29:31 - org.springframework.boot.autoconfigure.orm.jpa.JpaBaseConfiguration$JpaWebConfiguration [restartedMain] WARN  - spring.jpa.open-in-view is enabled by default. Therefore, database queries may be performed during view rendering. Explicitly configure spring.jpa.open-in-view to disable this warning
22-02-2021 09:29:32 - org.springframework.security.web.DefaultSecurityFilterChain [restartedMain] INFO  - Will secure Ant [pattern='/resources/**'] with []
22-02-2021 09:29:32 - org.springframework.security.web.DefaultSecurityFilterChain [restartedMain] INFO  - Will secure any request with [org.springframework.security.web.context.request.async.WebAsyncManagerIntegrationFilter@5ed6b9c6, org.springframework.security.web.context.SecurityContextPersistenceFilter@72e35a5b, org.springframework.security.web.header.HeaderWriterFilter@731ea2cb, org.springframework.security.web.authentication.logout.LogoutFilter@1e2a293a, org.springframework.security.oauth2.client.web.OAuth2AuthorizationRequestRedirectFilter@1978df3, org.springframework.security.oauth2.client.web.OAuth2LoginAuthenticationFilter@5578c47f, org.springframework.security.web.authentication.www.BasicAuthenticationFilter@6f5b2364, org.springframework.security.web.savedrequest.RequestCacheAwareFilter@3bb22aa0, org.springframework.security.web.servletapi.SecurityContextHolderAwareRequestFilter@44af943e, org.springframework.security.web.authentication.AnonymousAuthenticationFilter@5d02387a, org.springframework.security.web.session.SessionManagementFilter@5d8e68f, org.springframework.security.web.access.ExceptionTranslationFilter@3ec7dd4, org.springframework.security.web.access.intercept.FilterSecurityInterceptor@2796e268]
22-02-2021 09:29:32 - org.springframework.scheduling.concurrent.ThreadPoolTaskExecutor [restartedMain] INFO  - Initializing ExecutorService 'applicationTaskExecutor'
22-02-2021 09:29:32 - org.springframework.boot.autoconfigure.web.servlet.WelcomePageHandlerMapping [restartedMain] INFO  - Adding welcome page template: index
22-02-2021 09:29:33 - org.apache.coyote.http11.Http11NioProtocol [restartedMain] INFO  - Starting ProtocolHandler ["http-nio-8080"]
22-02-2021 09:29:33 - org.springframework.boot.web.embedded.tomcat.TomcatWebServer [restartedMain] INFO  - Tomcat started on port(s): 8080 (http) with context path ''
22-02-2021 09:29:33 - com.toprate.hr_tek_demo.HrTekDemoApplication [restartedMain] INFO  - Started HrTekDemoApplication in 9.256 seconds (JVM running for 11.519)
22-02-2021 09:29:42 - org.apache.catalina.core.ContainerBase.[Tomcat].[localhost].[/] [http-nio-8080-exec-1] INFO  - Initializing Spring DispatcherServlet 'dispatcherServlet'
22-02-2021 09:29:42 - org.springframework.web.servlet.DispatcherServlet [http-nio-8080-exec-1] INFO  - Initializing Servlet 'dispatcherServlet'
22-02-2021 09:29:42 - org.springframework.web.servlet.DispatcherServlet [http-nio-8080-exec-1] INFO  - Completed initialization in 2 ms
22-02-2021 09:30:17 - nz.net.ultraq.thymeleaf.expressions.ExpressionProcessor [http-nio-8080-exec-5] WARN  - Fragment expression "layout" is being wrapped as a Thymeleaf 3 fragment expression (~{...}) for backwards compatibility purposes.  This wrapping will be dropped in the next major version of the expression processor, so please rewrite as a Thymeleaf 3 fragment expression to future-proof your code.  See https://github.com/thymeleaf/thymeleaf/issues/451 for more information.
22-02-2021 09:31:38 - com.toprate.hr_tek_demo.HrTekDemoApplication [restartedMain] INFO  - Starting HrTekDemoApplication using Java 1.8.0_281 on TRUNGDV10 with PID 8804 (F:\HR_Tek\target\classes started by Admin in F:\HR_Tek)
22-02-2021 09:31:38 - com.toprate.hr_tek_demo.HrTekDemoApplication [restartedMain] INFO  - No active profile set, falling back to default profiles: default
22-02-2021 09:31:38 - org.springframework.boot.devtools.env.DevToolsPropertyDefaultsPostProcessor [restartedMain] INFO  - Devtools property defaults active! Set 'spring.devtools.add-properties' to 'false' to disable
22-02-2021 09:31:38 - org.springframework.boot.devtools.env.DevToolsPropertyDefaultsPostProcessor [restartedMain] INFO  - For additional web related logging consider setting the 'logging.level.web' property to 'DEBUG'
22-02-2021 09:31:40 - org.springframework.data.repository.config.RepositoryConfigurationDelegate [restartedMain] INFO  - Bootstrapping Spring Data JPA repositories in DEFAULT mode.
22-02-2021 09:31:40 - org.springframework.data.repository.config.RepositoryConfigurationDelegate [restartedMain] INFO  - Finished Spring Data repository scanning in 168 ms. Found 15 JPA repository interfaces.
22-02-2021 09:31:41 - org.springframework.boot.web.embedded.tomcat.TomcatWebServer [restartedMain] INFO  - Tomcat initialized with port(s): 8080 (http)
22-02-2021 09:31:41 - org.apache.coyote.http11.Http11NioProtocol [restartedMain] INFO  - Initializing ProtocolHandler ["http-nio-8080"]
22-02-2021 09:31:41 - org.apache.catalina.core.StandardService [restartedMain] INFO  - Starting service [Tomcat]
22-02-2021 09:31:41 - org.apache.catalina.core.StandardEngine [restartedMain] INFO  - Starting Servlet engine: [Apache Tomcat/9.0.41]
22-02-2021 09:31:41 - org.apache.jasper.servlet.TldScanner [restartedMain] INFO  - At least one JAR was scanned for TLDs yet contained no TLDs. Enable debug logging for this logger for a complete list of JARs that were scanned but no TLDs were found in them. Skipping unneeded JARs during scanning can improve startup time and JSP compilation time.
22-02-2021 09:31:41 - org.apache.catalina.core.ContainerBase.[Tomcat].[localhost].[/] [restartedMain] INFO  - Initializing Spring embedded WebApplicationContext
22-02-2021 09:31:41 - org.springframework.boot.web.servlet.context.ServletWebServerApplicationContext [restartedMain] INFO  - Root WebApplicationContext: initialization completed in 2951 ms
22-02-2021 09:31:41 - org.hibernate.jpa.internal.util.LogHelper [restartedMain] INFO  - HHH000204: Processing PersistenceUnitInfo [name: default]
22-02-2021 09:31:42 - org.hibernate.Version [restartedMain] INFO  - HHH000412: Hibernate ORM core version 5.4.25.Final
22-02-2021 09:31:42 - org.hibernate.annotations.common.Version [restartedMain] INFO  - HCANN000001: Hibernate Commons Annotations {5.1.2.Final}
22-02-2021 09:31:42 - com.zaxxer.hikari.HikariDataSource [restartedMain] INFO  - HikariPool-1 - Starting...
22-02-2021 09:31:42 - com.zaxxer.hikari.HikariDataSource [restartedMain] INFO  - HikariPool-1 - Start completed.
22-02-2021 09:31:42 - org.hibernate.dialect.Dialect [restartedMain] INFO  - HHH000400: Using dialect: org.hibernate.dialect.MySQL55Dialect
22-02-2021 09:31:44 - org.hibernate.engine.transaction.jta.platform.internal.JtaPlatformInitiator [restartedMain] INFO  - HHH000490: Using JtaPlatform implementation: [org.hibernate.engine.transaction.jta.platform.internal.NoJtaPlatform]
22-02-2021 09:31:44 - org.springframework.orm.jpa.LocalContainerEntityManagerFactoryBean [restartedMain] INFO  - Initialized JPA EntityManagerFactory for persistence unit 'default'
22-02-2021 09:31:45 - org.springframework.boot.autoconfigure.orm.jpa.JpaBaseConfiguration$JpaWebConfiguration [restartedMain] WARN  - spring.jpa.open-in-view is enabled by default. Therefore, database queries may be performed during view rendering. Explicitly configure spring.jpa.open-in-view to disable this warning
22-02-2021 09:31:46 - org.springframework.security.web.DefaultSecurityFilterChain [restartedMain] INFO  - Will secure Ant [pattern='/resources/**'] with []
22-02-2021 09:31:46 - org.springframework.security.web.DefaultSecurityFilterChain [restartedMain] INFO  - Will secure any request with [org.springframework.security.web.context.request.async.WebAsyncManagerIntegrationFilter@7d2f6ea, org.springframework.security.web.context.SecurityContextPersistenceFilter@29cca8e2, org.springframework.security.web.header.HeaderWriterFilter@6bff23d6, org.springframework.security.web.authentication.logout.LogoutFilter@16e6fa92, org.springframework.security.oauth2.client.web.OAuth2AuthorizationRequestRedirectFilter@1773834e, org.springframework.security.oauth2.client.web.OAuth2LoginAuthenticationFilter@a6d5f44, org.springframework.security.web.authentication.www.BasicAuthenticationFilter@1d43cc34, org.springframework.security.web.savedrequest.RequestCacheAwareFilter@4f237428, org.springframework.security.web.servletapi.SecurityContextHolderAwareRequestFilter@4ee7ac91, org.springframework.security.web.authentication.AnonymousAuthenticationFilter@4fa86bb7, org.springframework.security.web.session.SessionManagementFilter@62d10b6e, org.springframework.security.web.access.ExceptionTranslationFilter@7844a867, org.springframework.security.web.access.intercept.FilterSecurityInterceptor@3cf3a473]
22-02-2021 09:31:46 - org.springframework.scheduling.concurrent.ThreadPoolTaskExecutor [restartedMain] INFO  - Initializing ExecutorService 'applicationTaskExecutor'
22-02-2021 09:31:47 - org.springframework.boot.autoconfigure.web.servlet.WelcomePageHandlerMapping [restartedMain] INFO  - Adding welcome page template: index
22-02-2021 09:31:47 - org.apache.coyote.http11.Http11NioProtocol [restartedMain] INFO  - Starting ProtocolHandler ["http-nio-8080"]
22-02-2021 09:31:47 - org.springframework.boot.web.embedded.tomcat.TomcatWebServer [restartedMain] INFO  - Tomcat started on port(s): 8080 (http) with context path ''
22-02-2021 09:31:47 - com.toprate.hr_tek_demo.HrTekDemoApplication [restartedMain] INFO  - Started HrTekDemoApplication in 9.974 seconds (JVM running for 11.991)
22-02-2021 09:31:50 - org.apache.catalina.core.ContainerBase.[Tomcat].[localhost].[/] [http-nio-8080-exec-1] INFO  - Initializing Spring DispatcherServlet 'dispatcherServlet'
22-02-2021 09:31:50 - org.springframework.web.servlet.DispatcherServlet [http-nio-8080-exec-1] INFO  - Initializing Servlet 'dispatcherServlet'
22-02-2021 09:31:50 - org.springframework.web.servlet.DispatcherServlet [http-nio-8080-exec-1] INFO  - Completed initialization in 2 ms
22-02-2021 09:31:56 - nz.net.ultraq.thymeleaf.expressions.ExpressionProcessor [http-nio-8080-exec-3] WARN  - Fragment expression "layout" is being wrapped as a Thymeleaf 3 fragment expression (~{...}) for backwards compatibility purposes.  This wrapping will be dropped in the next major version of the expression processor, so please rewrite as a Thymeleaf 3 fragment expression to future-proof your code.  See https://github.com/thymeleaf/thymeleaf/issues/451 for more information.
