23-02-2021 09:13:12 - com.toprate.hr_tek_demo.HrTekDemoApplication [restartedMain] INFO  - Starting HrTekDemoApplication using Java 1.8.0_191 on Cetrick with PID 10004 (D:\Computer Switch\WorkSpace\HrTek\hr_tek_demo\target\classes started by Admin in D:\Computer Switch\WorkSpace\HrTek\hr_tek_demo)
23-02-2021 09:13:12 - com.toprate.hr_tek_demo.HrTekDemoApplication [restartedMain] INFO  - No active profile set, falling back to default profiles: default
23-02-2021 09:13:12 - org.springframework.boot.devtools.env.DevToolsPropertyDefaultsPostProcessor [restartedMain] INFO  - Devtools property defaults active! Set 'spring.devtools.add-properties' to 'false' to disable
23-02-2021 09:13:12 - org.springframework.boot.devtools.env.DevToolsPropertyDefaultsPostProcessor [restartedMain] INFO  - For additional web related logging consider setting the 'logging.level.web' property to 'DEBUG'
23-02-2021 09:13:13 - org.springframework.data.repository.config.RepositoryConfigurationDelegate [restartedMain] INFO  - Bootstrapping Spring Data JPA repositories in DEFAULT mode.
23-02-2021 09:13:14 - org.springframework.data.repository.config.RepositoryConfigurationDelegate [restartedMain] INFO  - Finished Spring Data repository scanning in 203 ms. Found 15 JPA repository interfaces.
23-02-2021 09:13:15 - org.springframework.boot.web.embedded.tomcat.TomcatWebServer [restartedMain] INFO  - Tomcat initialized with port(s): 8080 (http)
23-02-2021 09:13:15 - org.apache.coyote.http11.Http11NioProtocol [restartedMain] INFO  - Initializing ProtocolHandler ["http-nio-8080"]
23-02-2021 09:13:15 - org.apache.catalina.core.StandardService [restartedMain] INFO  - Starting service [Tomcat]
23-02-2021 09:13:15 - org.apache.catalina.core.StandardEngine [restartedMain] INFO  - Starting Servlet engine: [Apache Tomcat/9.0.41]
23-02-2021 09:13:15 - org.apache.catalina.core.AprLifecycleListener [restartedMain] INFO  - Loaded Apache Tomcat Native library [1.2.24] using APR version [1.7.0].
23-02-2021 09:13:15 - org.apache.catalina.core.AprLifecycleListener [restartedMain] INFO  - APR capabilities: IPv6 [true], sendfile [true], accept filters [false], random [true].
23-02-2021 09:13:15 - org.apache.catalina.core.AprLifecycleListener [restartedMain] INFO  - APR/OpenSSL configuration: useAprConnector [false], useOpenSSL [true]
23-02-2021 09:13:15 - org.apache.catalina.core.AprLifecycleListener [restartedMain] INFO  - OpenSSL successfully initialized [OpenSSL 1.1.1g  21 Apr 2020]
23-02-2021 09:13:16 - org.apache.jasper.servlet.TldScanner [restartedMain] INFO  - At least one JAR was scanned for TLDs yet contained no TLDs. Enable debug logging for this logger for a complete list of JARs that were scanned but no TLDs were found in them. Skipping unneeded JARs during scanning can improve startup time and JSP compilation time.
23-02-2021 09:13:16 - org.apache.catalina.core.ContainerBase.[Tomcat].[localhost].[/] [restartedMain] INFO  - Initializing Spring embedded WebApplicationContext
23-02-2021 09:13:16 - org.springframework.boot.web.servlet.context.ServletWebServerApplicationContext [restartedMain] INFO  - Root WebApplicationContext: initialization completed in 3745 ms
23-02-2021 09:13:16 - org.hibernate.jpa.internal.util.LogHelper [restartedMain] INFO  - HHH000204: Processing PersistenceUnitInfo [name: default]
23-02-2021 09:13:17 - org.hibernate.Version [restartedMain] INFO  - HHH000412: Hibernate ORM core version 5.4.25.Final
23-02-2021 09:13:17 - org.hibernate.annotations.common.Version [restartedMain] INFO  - HCANN000001: Hibernate Commons Annotations {5.1.2.Final}
23-02-2021 09:13:17 - com.zaxxer.hikari.HikariDataSource [restartedMain] INFO  - HikariPool-1 - Starting...
23-02-2021 09:13:18 - com.zaxxer.hikari.HikariDataSource [restartedMain] INFO  - HikariPool-1 - Start completed.
23-02-2021 09:13:18 - org.hibernate.dialect.Dialect [restartedMain] INFO  - HHH000400: Using dialect: org.hibernate.dialect.MySQL55Dialect
23-02-2021 09:13:21 - org.hibernate.engine.transaction.jta.platform.internal.JtaPlatformInitiator [restartedMain] INFO  - HHH000490: Using JtaPlatform implementation: [org.hibernate.engine.transaction.jta.platform.internal.NoJtaPlatform]
23-02-2021 09:13:21 - org.springframework.orm.jpa.LocalContainerEntityManagerFactoryBean [restartedMain] INFO  - Initialized JPA EntityManagerFactory for persistence unit 'default'
23-02-2021 09:13:21 - org.springframework.boot.autoconfigure.orm.jpa.JpaBaseConfiguration$JpaWebConfiguration [restartedMain] WARN  - spring.jpa.open-in-view is enabled by default. Therefore, database queries may be performed during view rendering. Explicitly configure spring.jpa.open-in-view to disable this warning
23-02-2021 09:13:23 - org.springframework.security.web.DefaultSecurityFilterChain [restartedMain] INFO  - Will secure Ant [pattern='/resources/**'] with []
23-02-2021 09:13:23 - org.springframework.security.web.DefaultSecurityFilterChain [restartedMain] INFO  - Will secure any request with [org.springframework.security.web.context.request.async.WebAsyncManagerIntegrationFilter@260d5f01, org.springframework.security.web.context.SecurityContextPersistenceFilter@7ed4e7d2, org.springframework.security.web.header.HeaderWriterFilter@1dccd21f, org.springframework.security.web.authentication.logout.LogoutFilter@7934d566, org.springframework.security.oauth2.client.web.OAuth2AuthorizationRequestRedirectFilter@6b59f1ef, org.springframework.security.oauth2.client.web.OAuth2LoginAuthenticationFilter@722e4200, org.springframework.security.web.authentication.www.BasicAuthenticationFilter@4f86d7bd, org.springframework.security.web.savedrequest.RequestCacheAwareFilter@60ed40a9, org.springframework.security.web.servletapi.SecurityContextHolderAwareRequestFilter@564a37aa, org.springframework.security.web.authentication.AnonymousAuthenticationFilter@11b77df1, org.springframework.security.web.session.SessionManagementFilter@3aeb3c6a, org.springframework.security.web.access.ExceptionTranslationFilter@6de2bd1f, org.springframework.security.web.access.intercept.FilterSecurityInterceptor@4ad70449]
23-02-2021 09:13:24 - org.springframework.scheduling.concurrent.ThreadPoolTaskExecutor [restartedMain] INFO  - Initializing ExecutorService 'applicationTaskExecutor'
23-02-2021 09:13:24 - org.springframework.boot.autoconfigure.web.servlet.WelcomePageHandlerMapping [restartedMain] INFO  - Adding welcome page template: index
23-02-2021 09:13:26 - org.apache.coyote.http11.Http11NioProtocol [restartedMain] INFO  - Starting ProtocolHandler ["http-nio-8080"]
23-02-2021 09:13:26 - org.springframework.boot.web.embedded.tomcat.TomcatWebServer [restartedMain] INFO  - Tomcat started on port(s): 8080 (http) with context path ''
23-02-2021 09:13:26 - com.toprate.hr_tek_demo.HrTekDemoApplication [restartedMain] INFO  - Started HrTekDemoApplication in 14.897 seconds (JVM running for 20.604)
23-02-2021 09:15:54 - org.apache.catalina.core.ContainerBase.[Tomcat].[localhost].[/] [http-nio-8080-exec-2] INFO  - Initializing Spring DispatcherServlet 'dispatcherServlet'
23-02-2021 09:15:54 - org.springframework.web.servlet.DispatcherServlet [http-nio-8080-exec-2] INFO  - Initializing Servlet 'dispatcherServlet'
23-02-2021 09:15:54 - org.springframework.web.servlet.DispatcherServlet [http-nio-8080-exec-2] INFO  - Completed initialization in 1 ms
