24-02-2021 09:49:49 - com.toprate.hr_tek_demo.HrTekDemoApplication [restartedMain] INFO  - Starting HrTekDemoApplication using Java 1.8.0_281 on TRUNGDV10 with PID 9092 (F:\HR_Tek\target\classes started by Admin in F:\HR_Tek)
24-02-2021 09:49:49 - com.toprate.hr_tek_demo.HrTekDemoApplication [restartedMain] INFO  - No active profile set, falling back to default profiles: default
24-02-2021 09:49:50 - org.springframework.boot.devtools.env.DevToolsPropertyDefaultsPostProcessor [restartedMain] INFO  - Devtools property defaults active! Set 'spring.devtools.add-properties' to 'false' to disable
24-02-2021 09:49:50 - org.springframework.boot.devtools.env.DevToolsPropertyDefaultsPostProcessor [restartedMain] INFO  - For additional web related logging consider setting the 'logging.level.web' property to 'DEBUG'
24-02-2021 09:49:53 - org.springframework.data.repository.config.RepositoryConfigurationDelegate [restartedMain] INFO  - Bootstrapping Spring Data JPA repositories in DEFAULT mode.
24-02-2021 09:49:53 - org.springframework.data.repository.config.RepositoryConfigurationDelegate [restartedMain] INFO  - Finished Spring Data repository scanning in 250 ms. Found 15 JPA repository interfaces.
24-02-2021 09:49:55 - org.springframework.boot.web.embedded.tomcat.TomcatWebServer [restartedMain] INFO  - Tomcat initialized with port(s): 8080 (http)
24-02-2021 09:49:56 - org.apache.coyote.http11.Http11NioProtocol [restartedMain] INFO  - Initializing ProtocolHandler ["http-nio-8080"]
24-02-2021 09:49:56 - org.apache.catalina.core.StandardService [restartedMain] INFO  - Starting service [Tomcat]
24-02-2021 09:49:56 - org.apache.catalina.core.StandardEngine [restartedMain] INFO  - Starting Servlet engine: [Apache Tomcat/9.0.41]
24-02-2021 09:49:56 - org.apache.jasper.servlet.TldScanner [restartedMain] INFO  - At least one JAR was scanned for TLDs yet contained no TLDs. Enable debug logging for this logger for a complete list of JARs that were scanned but no TLDs were found in them. Skipping unneeded JARs during scanning can improve startup time and JSP compilation time.
24-02-2021 09:49:56 - org.apache.catalina.core.ContainerBase.[Tomcat].[localhost].[/] [restartedMain] INFO  - Initializing Spring embedded WebApplicationContext
24-02-2021 09:49:56 - org.springframework.boot.web.servlet.context.ServletWebServerApplicationContext [restartedMain] INFO  - Root WebApplicationContext: initialization completed in 5910 ms
24-02-2021 09:49:57 - org.hibernate.jpa.internal.util.LogHelper [restartedMain] INFO  - HHH000204: Processing PersistenceUnitInfo [name: default]
24-02-2021 09:49:57 - org.hibernate.Version [restartedMain] INFO  - HHH000412: Hibernate ORM core version 5.4.25.Final
24-02-2021 09:49:57 - org.hibernate.annotations.common.Version [restartedMain] INFO  - HCANN000001: Hibernate Commons Annotations {5.1.2.Final}
24-02-2021 09:49:57 - com.zaxxer.hikari.HikariDataSource [restartedMain] INFO  - HikariPool-1 - Starting...
24-02-2021 09:49:59 - com.zaxxer.hikari.HikariDataSource [restartedMain] INFO  - HikariPool-1 - Start completed.
24-02-2021 09:49:59 - org.hibernate.dialect.Dialect [restartedMain] INFO  - HHH000400: Using dialect: org.hibernate.dialect.MySQL55Dialect
24-02-2021 09:50:02 - org.hibernate.engine.transaction.jta.platform.internal.JtaPlatformInitiator [restartedMain] INFO  - HHH000490: Using JtaPlatform implementation: [org.hibernate.engine.transaction.jta.platform.internal.NoJtaPlatform]
24-02-2021 09:50:02 - org.springframework.orm.jpa.LocalContainerEntityManagerFactoryBean [restartedMain] INFO  - Initialized JPA EntityManagerFactory for persistence unit 'default'
24-02-2021 09:50:03 - org.springframework.boot.autoconfigure.orm.jpa.JpaBaseConfiguration$JpaWebConfiguration [restartedMain] WARN  - spring.jpa.open-in-view is enabled by default. Therefore, database queries may be performed during view rendering. Explicitly configure spring.jpa.open-in-view to disable this warning
24-02-2021 09:50:06 - org.springframework.security.web.DefaultSecurityFilterChain [restartedMain] INFO  - Will secure Ant [pattern='/resources/**'] with []
24-02-2021 09:50:06 - org.springframework.security.web.DefaultSecurityFilterChain [restartedMain] INFO  - Will secure any request with [org.springframework.security.web.context.request.async.WebAsyncManagerIntegrationFilter@3d9459e4, org.springframework.security.web.context.SecurityContextPersistenceFilter@6e6adfb, org.springframework.security.web.header.HeaderWriterFilter@40b4ef95, org.springframework.security.web.authentication.logout.LogoutFilter@7ee332c8, org.springframework.security.oauth2.client.web.OAuth2AuthorizationRequestRedirectFilter@68fd7d4f, org.springframework.security.oauth2.client.web.OAuth2LoginAuthenticationFilter@395e4da8, org.springframework.security.web.authentication.www.BasicAuthenticationFilter@5fd46192, org.springframework.security.web.savedrequest.RequestCacheAwareFilter@243b9968, org.springframework.security.web.servletapi.SecurityContextHolderAwareRequestFilter@519ddd30, org.springframework.security.web.authentication.AnonymousAuthenticationFilter@536c3a3b, org.springframework.security.web.session.SessionManagementFilter@268f90f7, org.springframework.security.web.access.ExceptionTranslationFilter@145f7a3b, org.springframework.security.web.access.intercept.FilterSecurityInterceptor@7518056c]
24-02-2021 09:50:06 - org.springframework.scheduling.concurrent.ThreadPoolTaskExecutor [restartedMain] INFO  - Initializing ExecutorService 'applicationTaskExecutor'
24-02-2021 09:50:06 - org.springframework.boot.autoconfigure.web.servlet.WelcomePageHandlerMapping [restartedMain] INFO  - Adding welcome page template: index
24-02-2021 09:50:08 - org.apache.coyote.http11.Http11NioProtocol [restartedMain] INFO  - Starting ProtocolHandler ["http-nio-8080"]
24-02-2021 09:50:08 - org.springframework.boot.web.embedded.tomcat.TomcatWebServer [restartedMain] INFO  - Tomcat started on port(s): 8080 (http) with context path ''
24-02-2021 09:50:08 - com.toprate.hr_tek_demo.HrTekDemoApplication [restartedMain] INFO  - Started HrTekDemoApplication in 19.979 seconds (JVM running for 23.599)
24-02-2021 09:50:50 - org.apache.catalina.core.ContainerBase.[Tomcat].[localhost].[/] [http-nio-8080-exec-1] INFO  - Initializing Spring DispatcherServlet 'dispatcherServlet'
24-02-2021 09:50:50 - org.springframework.web.servlet.DispatcherServlet [http-nio-8080-exec-1] INFO  - Initializing Servlet 'dispatcherServlet'
24-02-2021 09:50:50 - org.springframework.web.servlet.DispatcherServlet [http-nio-8080-exec-1] INFO  - Completed initialization in 3 ms
24-02-2021 09:51:02 - nz.net.ultraq.thymeleaf.expressions.ExpressionProcessor [http-nio-8080-exec-2] WARN  - Fragment expression "layout" is being wrapped as a Thymeleaf 3 fragment expression (~{...}) for backwards compatibility purposes.  This wrapping will be dropped in the next major version of the expression processor, so please rewrite as a Thymeleaf 3 fragment expression to future-proof your code.  See https://github.com/thymeleaf/thymeleaf/issues/451 for more information.
24-02-2021 09:53:29 - com.toprate.hr_tek_demo.HrTekDemoApplication [restartedMain] INFO  - Starting HrTekDemoApplication using Java 1.8.0_281 on TRUNGDV10 with PID 8488 (F:\HR_Tek\target\classes started by Admin in F:\HR_Tek)
24-02-2021 09:53:29 - com.toprate.hr_tek_demo.HrTekDemoApplication [restartedMain] INFO  - No active profile set, falling back to default profiles: default
24-02-2021 09:53:30 - org.springframework.boot.devtools.env.DevToolsPropertyDefaultsPostProcessor [restartedMain] INFO  - Devtools property defaults active! Set 'spring.devtools.add-properties' to 'false' to disable
24-02-2021 09:53:30 - org.springframework.boot.devtools.env.DevToolsPropertyDefaultsPostProcessor [restartedMain] INFO  - For additional web related logging consider setting the 'logging.level.web' property to 'DEBUG'
24-02-2021 09:53:31 - org.springframework.data.repository.config.RepositoryConfigurationDelegate [restartedMain] INFO  - Bootstrapping Spring Data JPA repositories in DEFAULT mode.
24-02-2021 09:53:31 - org.springframework.data.repository.config.RepositoryConfigurationDelegate [restartedMain] INFO  - Finished Spring Data repository scanning in 157 ms. Found 15 JPA repository interfaces.
24-02-2021 09:53:32 - org.springframework.boot.web.embedded.tomcat.TomcatWebServer [restartedMain] INFO  - Tomcat initialized with port(s): 8080 (http)
24-02-2021 09:53:32 - org.apache.coyote.http11.Http11NioProtocol [restartedMain] INFO  - Initializing ProtocolHandler ["http-nio-8080"]
24-02-2021 09:53:32 - org.apache.catalina.core.StandardService [restartedMain] INFO  - Starting service [Tomcat]
24-02-2021 09:53:32 - org.apache.catalina.core.StandardEngine [restartedMain] INFO  - Starting Servlet engine: [Apache Tomcat/9.0.41]
24-02-2021 09:53:32 - org.apache.jasper.servlet.TldScanner [restartedMain] INFO  - At least one JAR was scanned for TLDs yet contained no TLDs. Enable debug logging for this logger for a complete list of JARs that were scanned but no TLDs were found in them. Skipping unneeded JARs during scanning can improve startup time and JSP compilation time.
24-02-2021 09:53:32 - org.apache.catalina.core.ContainerBase.[Tomcat].[localhost].[/] [restartedMain] INFO  - Initializing Spring embedded WebApplicationContext
24-02-2021 09:53:32 - org.springframework.boot.web.servlet.context.ServletWebServerApplicationContext [restartedMain] INFO  - Root WebApplicationContext: initialization completed in 2843 ms
24-02-2021 09:53:33 - org.hibernate.jpa.internal.util.LogHelper [restartedMain] INFO  - HHH000204: Processing PersistenceUnitInfo [name: default]
24-02-2021 09:53:33 - org.hibernate.Version [restartedMain] INFO  - HHH000412: Hibernate ORM core version 5.4.25.Final
24-02-2021 09:53:33 - org.hibernate.annotations.common.Version [restartedMain] INFO  - HCANN000001: Hibernate Commons Annotations {5.1.2.Final}
24-02-2021 09:53:33 - com.zaxxer.hikari.HikariDataSource [restartedMain] INFO  - HikariPool-1 - Starting...
24-02-2021 09:53:34 - com.zaxxer.hikari.HikariDataSource [restartedMain] INFO  - HikariPool-1 - Start completed.
24-02-2021 09:53:34 - org.hibernate.dialect.Dialect [restartedMain] INFO  - HHH000400: Using dialect: org.hibernate.dialect.MySQL55Dialect
24-02-2021 09:53:35 - org.hibernate.engine.transaction.jta.platform.internal.JtaPlatformInitiator [restartedMain] INFO  - HHH000490: Using JtaPlatform implementation: [org.hibernate.engine.transaction.jta.platform.internal.NoJtaPlatform]
24-02-2021 09:53:35 - org.springframework.orm.jpa.LocalContainerEntityManagerFactoryBean [restartedMain] INFO  - Initialized JPA EntityManagerFactory for persistence unit 'default'
24-02-2021 09:53:36 - org.springframework.boot.autoconfigure.orm.jpa.JpaBaseConfiguration$JpaWebConfiguration [restartedMain] WARN  - spring.jpa.open-in-view is enabled by default. Therefore, database queries may be performed during view rendering. Explicitly configure spring.jpa.open-in-view to disable this warning
24-02-2021 09:53:37 - org.springframework.security.web.DefaultSecurityFilterChain [restartedMain] INFO  - Will secure Ant [pattern='/resources/**'] with []
24-02-2021 09:53:37 - org.springframework.security.web.DefaultSecurityFilterChain [restartedMain] INFO  - Will secure any request with [org.springframework.security.web.context.request.async.WebAsyncManagerIntegrationFilter@1cf4f6f8, org.springframework.security.web.context.SecurityContextPersistenceFilter@3c047230, org.springframework.security.web.header.HeaderWriterFilter@37f2b4e8, org.springframework.security.web.authentication.logout.LogoutFilter@19c38d96, org.springframework.security.oauth2.client.web.OAuth2AuthorizationRequestRedirectFilter@6f72823d, org.springframework.security.oauth2.client.web.OAuth2LoginAuthenticationFilter@f4599d7, org.springframework.security.web.authentication.www.BasicAuthenticationFilter@51f5bf61, org.springframework.security.web.savedrequest.RequestCacheAwareFilter@1ff27218, org.springframework.security.web.servletapi.SecurityContextHolderAwareRequestFilter@167f8cf2, org.springframework.security.web.authentication.AnonymousAuthenticationFilter@314194d9, org.springframework.security.web.session.SessionManagementFilter@718b3838, org.springframework.security.web.access.ExceptionTranslationFilter@55c054a0, org.springframework.security.web.access.intercept.FilterSecurityInterceptor@105044d8]
24-02-2021 09:53:37 - org.springframework.scheduling.concurrent.ThreadPoolTaskExecutor [restartedMain] INFO  - Initializing ExecutorService 'applicationTaskExecutor'
24-02-2021 09:53:37 - org.springframework.boot.autoconfigure.web.servlet.WelcomePageHandlerMapping [restartedMain] INFO  - Adding welcome page template: index
24-02-2021 09:53:38 - org.apache.coyote.http11.Http11NioProtocol [restartedMain] INFO  - Starting ProtocolHandler ["http-nio-8080"]
24-02-2021 09:53:38 - org.springframework.boot.web.embedded.tomcat.TomcatWebServer [restartedMain] INFO  - Tomcat started on port(s): 8080 (http) with context path ''
24-02-2021 09:53:38 - com.toprate.hr_tek_demo.HrTekDemoApplication [restartedMain] INFO  - Started HrTekDemoApplication in 9.613 seconds (JVM running for 11.613)
24-02-2021 09:53:45 - org.apache.catalina.core.ContainerBase.[Tomcat].[localhost].[/] [http-nio-8080-exec-1] INFO  - Initializing Spring DispatcherServlet 'dispatcherServlet'
24-02-2021 09:53:45 - org.springframework.web.servlet.DispatcherServlet [http-nio-8080-exec-1] INFO  - Initializing Servlet 'dispatcherServlet'
24-02-2021 09:53:45 - org.springframework.web.servlet.DispatcherServlet [http-nio-8080-exec-1] INFO  - Completed initialization in 2 ms
24-02-2021 09:53:54 - nz.net.ultraq.thymeleaf.expressions.ExpressionProcessor [http-nio-8080-exec-5] WARN  - Fragment expression "layout" is being wrapped as a Thymeleaf 3 fragment expression (~{...}) for backwards compatibility purposes.  This wrapping will be dropped in the next major version of the expression processor, so please rewrite as a Thymeleaf 3 fragment expression to future-proof your code.  See https://github.com/thymeleaf/thymeleaf/issues/451 for more information.
24-02-2021 09:58:11 - com.toprate.hr_tek_demo.HrTekDemoApplication [restartedMain] INFO  - Starting HrTekDemoApplication using Java 1.8.0_281 on TRUNGDV10 with PID 548 (F:\HR_Tek\target\classes started by Admin in F:\HR_Tek)
24-02-2021 09:58:11 - com.toprate.hr_tek_demo.HrTekDemoApplication [restartedMain] INFO  - No active profile set, falling back to default profiles: default
24-02-2021 09:58:12 - org.springframework.boot.devtools.env.DevToolsPropertyDefaultsPostProcessor [restartedMain] INFO  - Devtools property defaults active! Set 'spring.devtools.add-properties' to 'false' to disable
24-02-2021 09:58:12 - org.springframework.boot.devtools.env.DevToolsPropertyDefaultsPostProcessor [restartedMain] INFO  - For additional web related logging consider setting the 'logging.level.web' property to 'DEBUG'
24-02-2021 09:58:13 - org.springframework.data.repository.config.RepositoryConfigurationDelegate [restartedMain] INFO  - Bootstrapping Spring Data JPA repositories in DEFAULT mode.
24-02-2021 09:58:13 - org.springframework.data.repository.config.RepositoryConfigurationDelegate [restartedMain] INFO  - Finished Spring Data repository scanning in 150 ms. Found 15 JPA repository interfaces.
24-02-2021 09:58:14 - org.springframework.boot.web.embedded.tomcat.TomcatWebServer [restartedMain] INFO  - Tomcat initialized with port(s): 8080 (http)
24-02-2021 09:58:14 - org.apache.coyote.http11.Http11NioProtocol [restartedMain] INFO  - Initializing ProtocolHandler ["http-nio-8080"]
24-02-2021 09:58:14 - org.apache.catalina.core.StandardService [restartedMain] INFO  - Starting service [Tomcat]
24-02-2021 09:58:14 - org.apache.catalina.core.StandardEngine [restartedMain] INFO  - Starting Servlet engine: [Apache Tomcat/9.0.41]
24-02-2021 09:58:15 - org.apache.jasper.servlet.TldScanner [restartedMain] INFO  - At least one JAR was scanned for TLDs yet contained no TLDs. Enable debug logging for this logger for a complete list of JARs that were scanned but no TLDs were found in them. Skipping unneeded JARs during scanning can improve startup time and JSP compilation time.
24-02-2021 09:58:15 - org.apache.catalina.core.ContainerBase.[Tomcat].[localhost].[/] [restartedMain] INFO  - Initializing Spring embedded WebApplicationContext
24-02-2021 09:58:15 - org.springframework.boot.web.servlet.context.ServletWebServerApplicationContext [restartedMain] INFO  - Root WebApplicationContext: initialization completed in 3227 ms
24-02-2021 09:58:15 - org.hibernate.jpa.internal.util.LogHelper [restartedMain] INFO  - HHH000204: Processing PersistenceUnitInfo [name: default]
24-02-2021 09:58:15 - org.hibernate.Version [restartedMain] INFO  - HHH000412: Hibernate ORM core version 5.4.25.Final
24-02-2021 09:58:16 - org.hibernate.annotations.common.Version [restartedMain] INFO  - HCANN000001: Hibernate Commons Annotations {5.1.2.Final}
24-02-2021 09:58:16 - com.zaxxer.hikari.HikariDataSource [restartedMain] INFO  - HikariPool-1 - Starting...
24-02-2021 09:58:16 - com.zaxxer.hikari.HikariDataSource [restartedMain] INFO  - HikariPool-1 - Start completed.
24-02-2021 09:58:16 - org.hibernate.dialect.Dialect [restartedMain] INFO  - HHH000400: Using dialect: org.hibernate.dialect.MySQL55Dialect
24-02-2021 09:58:18 - org.hibernate.engine.transaction.jta.platform.internal.JtaPlatformInitiator [restartedMain] INFO  - HHH000490: Using JtaPlatform implementation: [org.hibernate.engine.transaction.jta.platform.internal.NoJtaPlatform]
24-02-2021 09:58:18 - org.springframework.orm.jpa.LocalContainerEntityManagerFactoryBean [restartedMain] INFO  - Initialized JPA EntityManagerFactory for persistence unit 'default'
24-02-2021 09:58:19 - org.springframework.boot.autoconfigure.orm.jpa.JpaBaseConfiguration$JpaWebConfiguration [restartedMain] WARN  - spring.jpa.open-in-view is enabled by default. Therefore, database queries may be performed during view rendering. Explicitly configure spring.jpa.open-in-view to disable this warning
24-02-2021 09:58:20 - org.springframework.security.web.DefaultSecurityFilterChain [restartedMain] INFO  - Will secure Ant [pattern='/resources/**'] with []
24-02-2021 09:58:20 - org.springframework.security.web.DefaultSecurityFilterChain [restartedMain] INFO  - Will secure any request with [org.springframework.security.web.context.request.async.WebAsyncManagerIntegrationFilter@77cfab1, org.springframework.security.web.context.SecurityContextPersistenceFilter@1b78395e, org.springframework.security.web.header.HeaderWriterFilter@1c6a0290, org.springframework.security.web.authentication.logout.LogoutFilter@42397f41, org.springframework.security.oauth2.client.web.OAuth2AuthorizationRequestRedirectFilter@20789162, org.springframework.security.oauth2.client.web.OAuth2LoginAuthenticationFilter@14cc32e2, org.springframework.security.web.authentication.www.BasicAuthenticationFilter@4b1fda8b, org.springframework.security.web.savedrequest.RequestCacheAwareFilter@7110075b, org.springframework.security.web.servletapi.SecurityContextHolderAwareRequestFilter@33ef98eb, org.springframework.security.web.authentication.AnonymousAuthenticationFilter@6be64925, org.springframework.security.web.session.SessionManagementFilter@10e7b4ca, org.springframework.security.web.access.ExceptionTranslationFilter@7e485e5d, org.springframework.security.web.access.intercept.FilterSecurityInterceptor@617a0712]
24-02-2021 09:58:20 - org.springframework.scheduling.concurrent.ThreadPoolTaskExecutor [restartedMain] INFO  - Initializing ExecutorService 'applicationTaskExecutor'
24-02-2021 09:58:20 - org.springframework.boot.autoconfigure.web.servlet.WelcomePageHandlerMapping [restartedMain] INFO  - Adding welcome page template: index
24-02-2021 09:58:21 - org.apache.coyote.http11.Http11NioProtocol [restartedMain] INFO  - Starting ProtocolHandler ["http-nio-8080"]
24-02-2021 09:58:21 - org.springframework.boot.web.embedded.tomcat.TomcatWebServer [restartedMain] INFO  - Tomcat started on port(s): 8080 (http) with context path ''
24-02-2021 09:58:21 - com.toprate.hr_tek_demo.HrTekDemoApplication [restartedMain] INFO  - Started HrTekDemoApplication in 10.705 seconds (JVM running for 12.98)
24-02-2021 09:58:29 - org.apache.catalina.core.ContainerBase.[Tomcat].[localhost].[/] [http-nio-8080-exec-1] INFO  - Initializing Spring DispatcherServlet 'dispatcherServlet'
24-02-2021 09:58:29 - org.springframework.web.servlet.DispatcherServlet [http-nio-8080-exec-1] INFO  - Initializing Servlet 'dispatcherServlet'
24-02-2021 09:58:29 - org.springframework.web.servlet.DispatcherServlet [http-nio-8080-exec-1] INFO  - Completed initialization in 3 ms
24-02-2021 09:58:39 - nz.net.ultraq.thymeleaf.expressions.ExpressionProcessor [http-nio-8080-exec-8] WARN  - Fragment expression "layout" is being wrapped as a Thymeleaf 3 fragment expression (~{...}) for backwards compatibility purposes.  This wrapping will be dropped in the next major version of the expression processor, so please rewrite as a Thymeleaf 3 fragment expression to future-proof your code.  See https://github.com/thymeleaf/thymeleaf/issues/451 for more information.
24-02-2021 14:04:35 - com.toprate.hr_tek_demo.HrTekDemoApplication [restartedMain] INFO  - Starting HrTekDemoApplication using Java 1.8.0_281 on TRUNGDV10 with PID 11496 (F:\HR_Tek\target\classes started by Admin in F:\HR_Tek)
24-02-2021 14:04:35 - com.toprate.hr_tek_demo.HrTekDemoApplication [restartedMain] INFO  - No active profile set, falling back to default profiles: default
24-02-2021 14:04:36 - org.springframework.boot.devtools.env.DevToolsPropertyDefaultsPostProcessor [restartedMain] INFO  - Devtools property defaults active! Set 'spring.devtools.add-properties' to 'false' to disable
24-02-2021 14:04:36 - org.springframework.boot.devtools.env.DevToolsPropertyDefaultsPostProcessor [restartedMain] INFO  - For additional web related logging consider setting the 'logging.level.web' property to 'DEBUG'
24-02-2021 14:04:37 - org.springframework.data.repository.config.RepositoryConfigurationDelegate [restartedMain] INFO  - Bootstrapping Spring Data JPA repositories in DEFAULT mode.
24-02-2021 14:04:38 - org.springframework.data.repository.config.RepositoryConfigurationDelegate [restartedMain] INFO  - Finished Spring Data repository scanning in 164 ms. Found 15 JPA repository interfaces.
24-02-2021 14:04:38 - org.springframework.boot.web.embedded.tomcat.TomcatWebServer [restartedMain] INFO  - Tomcat initialized with port(s): 8080 (http)
24-02-2021 14:04:38 - org.apache.coyote.http11.Http11NioProtocol [restartedMain] INFO  - Initializing ProtocolHandler ["http-nio-8080"]
24-02-2021 14:04:38 - org.apache.catalina.core.StandardService [restartedMain] INFO  - Starting service [Tomcat]
24-02-2021 14:04:38 - org.apache.catalina.core.StandardEngine [restartedMain] INFO  - Starting Servlet engine: [Apache Tomcat/9.0.41]
24-02-2021 14:04:39 - org.apache.jasper.servlet.TldScanner [restartedMain] INFO  - At least one JAR was scanned for TLDs yet contained no TLDs. Enable debug logging for this logger for a complete list of JARs that were scanned but no TLDs were found in them. Skipping unneeded JARs during scanning can improve startup time and JSP compilation time.
24-02-2021 14:04:39 - org.apache.catalina.core.ContainerBase.[Tomcat].[localhost].[/] [restartedMain] INFO  - Initializing Spring embedded WebApplicationContext
24-02-2021 14:04:39 - org.springframework.boot.web.servlet.context.ServletWebServerApplicationContext [restartedMain] INFO  - Root WebApplicationContext: initialization completed in 3033 ms
24-02-2021 14:04:39 - org.hibernate.jpa.internal.util.LogHelper [restartedMain] INFO  - HHH000204: Processing PersistenceUnitInfo [name: default]
24-02-2021 14:04:39 - org.hibernate.Version [restartedMain] INFO  - HHH000412: Hibernate ORM core version 5.4.25.Final
24-02-2021 14:04:40 - org.hibernate.annotations.common.Version [restartedMain] INFO  - HCANN000001: Hibernate Commons Annotations {5.1.2.Final}
24-02-2021 14:04:40 - com.zaxxer.hikari.HikariDataSource [restartedMain] INFO  - HikariPool-1 - Starting...
24-02-2021 14:04:41 - com.zaxxer.hikari.HikariDataSource [restartedMain] INFO  - HikariPool-1 - Start completed.
24-02-2021 14:04:41 - org.hibernate.dialect.Dialect [restartedMain] INFO  - HHH000400: Using dialect: org.hibernate.dialect.MySQL55Dialect
24-02-2021 14:04:43 - org.hibernate.engine.transaction.jta.platform.internal.JtaPlatformInitiator [restartedMain] INFO  - HHH000490: Using JtaPlatform implementation: [org.hibernate.engine.transaction.jta.platform.internal.NoJtaPlatform]
24-02-2021 14:04:43 - org.springframework.orm.jpa.LocalContainerEntityManagerFactoryBean [restartedMain] INFO  - Initialized JPA EntityManagerFactory for persistence unit 'default'
24-02-2021 14:04:43 - org.springframework.boot.autoconfigure.orm.jpa.JpaBaseConfiguration$JpaWebConfiguration [restartedMain] WARN  - spring.jpa.open-in-view is enabled by default. Therefore, database queries may be performed during view rendering. Explicitly configure spring.jpa.open-in-view to disable this warning
24-02-2021 14:04:45 - org.springframework.security.web.DefaultSecurityFilterChain [restartedMain] INFO  - Will secure Ant [pattern='/resources/**'] with []
24-02-2021 14:04:45 - org.springframework.security.web.DefaultSecurityFilterChain [restartedMain] INFO  - Will secure any request with [org.springframework.security.web.context.request.async.WebAsyncManagerIntegrationFilter@823f687, org.springframework.security.web.context.SecurityContextPersistenceFilter@56d055ef, org.springframework.security.web.header.HeaderWriterFilter@722845b9, org.springframework.security.web.authentication.logout.LogoutFilter@4f1d6d90, org.springframework.security.oauth2.client.web.OAuth2AuthorizationRequestRedirectFilter@2946afcf, org.springframework.security.oauth2.client.web.OAuth2LoginAuthenticationFilter@55f0b7e0, org.springframework.security.web.authentication.www.BasicAuthenticationFilter@3749389e, org.springframework.security.web.savedrequest.RequestCacheAwareFilter@6ed8513, org.springframework.security.web.servletapi.SecurityContextHolderAwareRequestFilter@36e30e98, org.springframework.security.web.authentication.AnonymousAuthenticationFilter@3c11a262, org.springframework.security.web.session.SessionManagementFilter@3e0f783e, org.springframework.security.web.access.ExceptionTranslationFilter@41217361, org.springframework.security.web.access.intercept.FilterSecurityInterceptor@29cca8e2]
24-02-2021 14:04:45 - org.springframework.scheduling.concurrent.ThreadPoolTaskExecutor [restartedMain] INFO  - Initializing ExecutorService 'applicationTaskExecutor'
24-02-2021 14:04:45 - org.springframework.boot.autoconfigure.web.servlet.WelcomePageHandlerMapping [restartedMain] INFO  - Adding welcome page template: index
24-02-2021 14:04:46 - org.apache.coyote.http11.Http11NioProtocol [restartedMain] INFO  - Starting ProtocolHandler ["http-nio-8080"]
24-02-2021 14:04:46 - org.springframework.boot.web.embedded.tomcat.TomcatWebServer [restartedMain] INFO  - Tomcat started on port(s): 8080 (http) with context path ''
24-02-2021 14:04:46 - com.toprate.hr_tek_demo.HrTekDemoApplication [restartedMain] INFO  - Started HrTekDemoApplication in 11.441 seconds (JVM running for 13.962)
24-02-2021 14:05:02 - org.apache.catalina.core.ContainerBase.[Tomcat].[localhost].[/] [http-nio-8080-exec-1] INFO  - Initializing Spring DispatcherServlet 'dispatcherServlet'
24-02-2021 14:05:02 - org.springframework.web.servlet.DispatcherServlet [http-nio-8080-exec-1] INFO  - Initializing Servlet 'dispatcherServlet'
24-02-2021 14:05:02 - org.springframework.web.servlet.DispatcherServlet [http-nio-8080-exec-1] INFO  - Completed initialization in 3 ms
24-02-2021 14:05:03 - nz.net.ultraq.thymeleaf.expressions.ExpressionProcessor [http-nio-8080-exec-1] WARN  - Fragment expression "layout" is being wrapped as a Thymeleaf 3 fragment expression (~{...}) for backwards compatibility purposes.  This wrapping will be dropped in the next major version of the expression processor, so please rewrite as a Thymeleaf 3 fragment expression to future-proof your code.  See https://github.com/thymeleaf/thymeleaf/issues/451 for more information.
24-02-2021 17:02:38 - com.toprate.hr_tek_demo.HrTekDemoApplication [restartedMain] INFO  - Starting HrTekDemoApplication using Java 1.8.0_281 on TRUNGDV10 with PID 11080 (F:\HR_Tek\target\classes started by Admin in F:\HR_Tek)
24-02-2021 17:02:38 - com.toprate.hr_tek_demo.HrTekDemoApplication [restartedMain] INFO  - No active profile set, falling back to default profiles: default
24-02-2021 17:02:38 - org.springframework.boot.devtools.env.DevToolsPropertyDefaultsPostProcessor [restartedMain] INFO  - Devtools property defaults active! Set 'spring.devtools.add-properties' to 'false' to disable
24-02-2021 17:02:38 - org.springframework.boot.devtools.env.DevToolsPropertyDefaultsPostProcessor [restartedMain] INFO  - For additional web related logging consider setting the 'logging.level.web' property to 'DEBUG'
24-02-2021 17:02:40 - org.springframework.data.repository.config.RepositoryConfigurationDelegate [restartedMain] INFO  - Bootstrapping Spring Data JPA repositories in DEFAULT mode.
24-02-2021 17:02:40 - org.springframework.data.repository.config.RepositoryConfigurationDelegate [restartedMain] INFO  - Finished Spring Data repository scanning in 155 ms. Found 15 JPA repository interfaces.
24-02-2021 17:02:41 - org.springframework.boot.web.embedded.tomcat.TomcatWebServer [restartedMain] INFO  - Tomcat initialized with port(s): 8080 (http)
24-02-2021 17:02:41 - org.apache.coyote.http11.Http11NioProtocol [restartedMain] INFO  - Initializing ProtocolHandler ["http-nio-8080"]
24-02-2021 17:02:41 - org.apache.catalina.core.StandardService [restartedMain] INFO  - Starting service [Tomcat]
24-02-2021 17:02:41 - org.apache.catalina.core.StandardEngine [restartedMain] INFO  - Starting Servlet engine: [Apache Tomcat/9.0.41]
24-02-2021 17:02:41 - org.apache.jasper.servlet.TldScanner [restartedMain] INFO  - At least one JAR was scanned for TLDs yet contained no TLDs. Enable debug logging for this logger for a complete list of JARs that were scanned but no TLDs were found in them. Skipping unneeded JARs during scanning can improve startup time and JSP compilation time.
24-02-2021 17:02:41 - org.apache.catalina.core.ContainerBase.[Tomcat].[localhost].[/] [restartedMain] INFO  - Initializing Spring embedded WebApplicationContext
24-02-2021 17:02:41 - org.springframework.boot.web.servlet.context.ServletWebServerApplicationContext [restartedMain] INFO  - Root WebApplicationContext: initialization completed in 2937 ms
24-02-2021 17:02:41 - org.hibernate.jpa.internal.util.LogHelper [restartedMain] INFO  - HHH000204: Processing PersistenceUnitInfo [name: default]
24-02-2021 17:02:41 - org.hibernate.Version [restartedMain] INFO  - HHH000412: Hibernate ORM core version 5.4.25.Final
24-02-2021 17:02:42 - org.hibernate.annotations.common.Version [restartedMain] INFO  - HCANN000001: Hibernate Commons Annotations {5.1.2.Final}
24-02-2021 17:02:42 - com.zaxxer.hikari.HikariDataSource [restartedMain] INFO  - HikariPool-1 - Starting...
24-02-2021 17:02:43 - com.zaxxer.hikari.HikariDataSource [restartedMain] INFO  - HikariPool-1 - Start completed.
24-02-2021 17:02:43 - org.hibernate.dialect.Dialect [restartedMain] INFO  - HHH000400: Using dialect: org.hibernate.dialect.MySQL55Dialect
24-02-2021 17:02:45 - org.hibernate.engine.transaction.jta.platform.internal.JtaPlatformInitiator [restartedMain] INFO  - HHH000490: Using JtaPlatform implementation: [org.hibernate.engine.transaction.jta.platform.internal.NoJtaPlatform]
24-02-2021 17:02:45 - org.springframework.orm.jpa.LocalContainerEntityManagerFactoryBean [restartedMain] INFO  - Initialized JPA EntityManagerFactory for persistence unit 'default'
24-02-2021 17:02:45 - org.springframework.boot.autoconfigure.orm.jpa.JpaBaseConfiguration$JpaWebConfiguration [restartedMain] WARN  - spring.jpa.open-in-view is enabled by default. Therefore, database queries may be performed during view rendering. Explicitly configure spring.jpa.open-in-view to disable this warning
24-02-2021 17:02:47 - org.springframework.security.web.DefaultSecurityFilterChain [restartedMain] INFO  - Will secure Ant [pattern='/resources/**'] with []
24-02-2021 17:02:47 - org.springframework.security.web.DefaultSecurityFilterChain [restartedMain] INFO  - Will secure any request with [org.springframework.security.web.context.request.async.WebAsyncManagerIntegrationFilter@46eb359, org.springframework.security.web.context.SecurityContextPersistenceFilter@595b563b, org.springframework.security.web.header.HeaderWriterFilter@f055aec, org.springframework.security.web.authentication.logout.LogoutFilter@5370b81e, org.springframework.security.oauth2.client.web.OAuth2AuthorizationRequestRedirectFilter@76ed4097, org.springframework.security.oauth2.client.web.OAuth2LoginAuthenticationFilter@7539b4cc, org.springframework.security.web.authentication.www.BasicAuthenticationFilter@4a342205, org.springframework.security.web.savedrequest.RequestCacheAwareFilter@35d594b0, org.springframework.security.web.servletapi.SecurityContextHolderAwareRequestFilter@203ca17a, org.springframework.security.web.authentication.AnonymousAuthenticationFilter@44181ee1, org.springframework.security.web.session.SessionManagementFilter@bf7e248, org.springframework.security.web.access.ExceptionTranslationFilter@24a84254, org.springframework.security.web.access.intercept.FilterSecurityInterceptor@41f5566]
24-02-2021 17:02:47 - org.springframework.scheduling.concurrent.ThreadPoolTaskExecutor [restartedMain] INFO  - Initializing ExecutorService 'applicationTaskExecutor'
24-02-2021 17:02:47 - org.springframework.boot.autoconfigure.web.servlet.WelcomePageHandlerMapping [restartedMain] INFO  - Adding welcome page template: index
24-02-2021 17:02:48 - org.apache.coyote.http11.Http11NioProtocol [restartedMain] INFO  - Starting ProtocolHandler ["http-nio-8080"]
24-02-2021 17:02:48 - org.springframework.boot.web.embedded.tomcat.TomcatWebServer [restartedMain] INFO  - Tomcat started on port(s): 8080 (http) with context path ''
24-02-2021 17:02:48 - com.toprate.hr_tek_demo.HrTekDemoApplication [restartedMain] INFO  - Started HrTekDemoApplication in 10.633 seconds (JVM running for 12.891)
24-02-2021 17:02:58 - org.apache.catalina.core.ContainerBase.[Tomcat].[localhost].[/] [http-nio-8080-exec-1] INFO  - Initializing Spring DispatcherServlet 'dispatcherServlet'
24-02-2021 17:02:58 - org.springframework.web.servlet.DispatcherServlet [http-nio-8080-exec-1] INFO  - Initializing Servlet 'dispatcherServlet'
24-02-2021 17:02:58 - org.springframework.web.servlet.DispatcherServlet [http-nio-8080-exec-1] INFO  - Completed initialization in 2 ms
24-02-2021 17:03:10 - nz.net.ultraq.thymeleaf.expressions.ExpressionProcessor [http-nio-8080-exec-7] WARN  - Fragment expression "layout" is being wrapped as a Thymeleaf 3 fragment expression (~{...}) for backwards compatibility purposes.  This wrapping will be dropped in the next major version of the expression processor, so please rewrite as a Thymeleaf 3 fragment expression to future-proof your code.  See https://github.com/thymeleaf/thymeleaf/issues/451 for more information.
24-02-2021 17:11:35 - com.toprate.hr_tek_demo.HrTekDemoApplication [restartedMain] INFO  - Starting HrTekDemoApplication using Java 1.8.0_281 on TRUNGDV10 with PID 11968 (F:\HR_Tek\target\classes started by Admin in F:\HR_Tek)
24-02-2021 17:11:35 - com.toprate.hr_tek_demo.HrTekDemoApplication [restartedMain] INFO  - No active profile set, falling back to default profiles: default
24-02-2021 17:11:35 - org.springframework.boot.devtools.env.DevToolsPropertyDefaultsPostProcessor [restartedMain] INFO  - Devtools property defaults active! Set 'spring.devtools.add-properties' to 'false' to disable
24-02-2021 17:11:35 - org.springframework.boot.devtools.env.DevToolsPropertyDefaultsPostProcessor [restartedMain] INFO  - For additional web related logging consider setting the 'logging.level.web' property to 'DEBUG'
24-02-2021 17:11:36 - org.springframework.data.repository.config.RepositoryConfigurationDelegate [restartedMain] INFO  - Bootstrapping Spring Data JPA repositories in DEFAULT mode.
24-02-2021 17:11:37 - org.springframework.data.repository.config.RepositoryConfigurationDelegate [restartedMain] INFO  - Finished Spring Data repository scanning in 272 ms. Found 15 JPA repository interfaces.
24-02-2021 17:11:37 - org.springframework.boot.web.embedded.tomcat.TomcatWebServer [restartedMain] INFO  - Tomcat initialized with port(s): 8080 (http)
24-02-2021 17:11:37 - org.apache.coyote.http11.Http11NioProtocol [restartedMain] INFO  - Initializing ProtocolHandler ["http-nio-8080"]
24-02-2021 17:11:37 - org.apache.catalina.core.StandardService [restartedMain] INFO  - Starting service [Tomcat]
24-02-2021 17:11:37 - org.apache.catalina.core.StandardEngine [restartedMain] INFO  - Starting Servlet engine: [Apache Tomcat/9.0.41]
24-02-2021 17:11:38 - org.apache.jasper.servlet.TldScanner [restartedMain] INFO  - At least one JAR was scanned for TLDs yet contained no TLDs. Enable debug logging for this logger for a complete list of JARs that were scanned but no TLDs were found in them. Skipping unneeded JARs during scanning can improve startup time and JSP compilation time.
24-02-2021 17:11:38 - org.apache.catalina.core.ContainerBase.[Tomcat].[localhost].[/] [restartedMain] INFO  - Initializing Spring embedded WebApplicationContext
24-02-2021 17:11:38 - org.springframework.boot.web.servlet.context.ServletWebServerApplicationContext [restartedMain] INFO  - Root WebApplicationContext: initialization completed in 2740 ms
24-02-2021 17:11:38 - org.hibernate.jpa.internal.util.LogHelper [restartedMain] INFO  - HHH000204: Processing PersistenceUnitInfo [name: default]
24-02-2021 17:11:38 - org.hibernate.Version [restartedMain] INFO  - HHH000412: Hibernate ORM core version 5.4.25.Final
24-02-2021 17:11:38 - org.hibernate.annotations.common.Version [restartedMain] INFO  - HCANN000001: Hibernate Commons Annotations {5.1.2.Final}
24-02-2021 17:11:38 - com.zaxxer.hikari.HikariDataSource [restartedMain] INFO  - HikariPool-1 - Starting...
24-02-2021 17:11:39 - com.zaxxer.hikari.HikariDataSource [restartedMain] INFO  - HikariPool-1 - Start completed.
24-02-2021 17:11:39 - org.hibernate.dialect.Dialect [restartedMain] INFO  - HHH000400: Using dialect: org.hibernate.dialect.MySQL55Dialect
24-02-2021 17:11:41 - org.hibernate.engine.transaction.jta.platform.internal.JtaPlatformInitiator [restartedMain] INFO  - HHH000490: Using JtaPlatform implementation: [org.hibernate.engine.transaction.jta.platform.internal.NoJtaPlatform]
24-02-2021 17:11:41 - org.springframework.orm.jpa.LocalContainerEntityManagerFactoryBean [restartedMain] INFO  - Initialized JPA EntityManagerFactory for persistence unit 'default'
24-02-2021 17:11:42 - org.springframework.boot.autoconfigure.orm.jpa.JpaBaseConfiguration$JpaWebConfiguration [restartedMain] WARN  - spring.jpa.open-in-view is enabled by default. Therefore, database queries may be performed during view rendering. Explicitly configure spring.jpa.open-in-view to disable this warning
24-02-2021 17:11:44 - org.springframework.security.web.DefaultSecurityFilterChain [restartedMain] INFO  - Will secure Ant [pattern='/resources/**'] with []
24-02-2021 17:11:44 - org.springframework.security.web.DefaultSecurityFilterChain [restartedMain] INFO  - Will secure any request with [org.springframework.security.web.context.request.async.WebAsyncManagerIntegrationFilter@3b810c04, org.springframework.security.web.context.SecurityContextPersistenceFilter@69e2bbd5, org.springframework.security.web.header.HeaderWriterFilter@50765f39, org.springframework.security.web.authentication.logout.LogoutFilter@20dc62f3, org.springframework.security.oauth2.client.web.OAuth2AuthorizationRequestRedirectFilter@28bebd87, org.springframework.security.oauth2.client.web.OAuth2LoginAuthenticationFilter@456d7c1, org.springframework.security.web.authentication.www.BasicAuthenticationFilter@7f7fcce3, org.springframework.security.web.savedrequest.RequestCacheAwareFilter@7b468c0, org.springframework.security.web.servletapi.SecurityContextHolderAwareRequestFilter@3520d6e8, org.springframework.security.web.authentication.AnonymousAuthenticationFilter@3a043433, org.springframework.security.web.session.SessionManagementFilter@4c424954, org.springframework.security.web.access.ExceptionTranslationFilter@51df8488, org.springframework.security.web.access.intercept.FilterSecurityInterceptor@31e82398]
24-02-2021 17:11:45 - org.springframework.scheduling.concurrent.ThreadPoolTaskExecutor [restartedMain] INFO  - Initializing ExecutorService 'applicationTaskExecutor'
24-02-2021 17:11:45 - org.springframework.boot.autoconfigure.web.servlet.WelcomePageHandlerMapping [restartedMain] INFO  - Adding welcome page template: index
24-02-2021 17:11:46 - org.apache.coyote.http11.Http11NioProtocol [restartedMain] INFO  - Starting ProtocolHandler ["http-nio-8080"]
24-02-2021 17:11:46 - org.springframework.boot.web.embedded.tomcat.TomcatWebServer [restartedMain] INFO  - Tomcat started on port(s): 8080 (http) with context path ''
24-02-2021 17:11:46 - com.toprate.hr_tek_demo.HrTekDemoApplication [restartedMain] INFO  - Started HrTekDemoApplication in 11.852 seconds (JVM running for 13.941)
24-02-2021 17:11:46 - org.apache.catalina.core.ContainerBase.[Tomcat].[localhost].[/] [http-nio-8080-exec-1] INFO  - Initializing Spring DispatcherServlet 'dispatcherServlet'
24-02-2021 17:11:46 - org.springframework.web.servlet.DispatcherServlet [http-nio-8080-exec-1] INFO  - Initializing Servlet 'dispatcherServlet'
24-02-2021 17:11:46 - org.springframework.web.servlet.DispatcherServlet [http-nio-8080-exec-1] INFO  - Completed initialization in 1 ms
24-02-2021 17:11:47 - nz.net.ultraq.thymeleaf.expressions.ExpressionProcessor [http-nio-8080-exec-1] WARN  - Fragment expression "layout" is being wrapped as a Thymeleaf 3 fragment expression (~{...}) for backwards compatibility purposes.  This wrapping will be dropped in the next major version of the expression processor, so please rewrite as a Thymeleaf 3 fragment expression to future-proof your code.  See https://github.com/thymeleaf/thymeleaf/issues/451 for more information.
24-02-2021 17:23:24 - com.toprate.hr_tek_demo.HrTekDemoApplication [restartedMain] INFO  - Starting HrTekDemoApplication using Java 1.8.0_281 on TRUNGDV10 with PID 11584 (F:\HR_Tek\target\classes started by Admin in F:\HR_Tek)
24-02-2021 17:23:24 - com.toprate.hr_tek_demo.HrTekDemoApplication [restartedMain] INFO  - No active profile set, falling back to default profiles: default
24-02-2021 17:23:24 - org.springframework.boot.devtools.env.DevToolsPropertyDefaultsPostProcessor [restartedMain] INFO  - Devtools property defaults active! Set 'spring.devtools.add-properties' to 'false' to disable
24-02-2021 17:23:24 - org.springframework.boot.devtools.env.DevToolsPropertyDefaultsPostProcessor [restartedMain] INFO  - For additional web related logging consider setting the 'logging.level.web' property to 'DEBUG'
24-02-2021 17:23:26 - org.springframework.data.repository.config.RepositoryConfigurationDelegate [restartedMain] INFO  - Bootstrapping Spring Data JPA repositories in DEFAULT mode.
24-02-2021 17:23:26 - org.springframework.data.repository.config.RepositoryConfigurationDelegate [restartedMain] INFO  - Finished Spring Data repository scanning in 217 ms. Found 15 JPA repository interfaces.
24-02-2021 17:23:27 - org.springframework.boot.web.embedded.tomcat.TomcatWebServer [restartedMain] INFO  - Tomcat initialized with port(s): 8080 (http)
24-02-2021 17:23:27 - org.apache.coyote.http11.Http11NioProtocol [restartedMain] INFO  - Initializing ProtocolHandler ["http-nio-8080"]
24-02-2021 17:23:27 - org.apache.catalina.core.StandardService [restartedMain] INFO  - Starting service [Tomcat]
24-02-2021 17:23:27 - org.apache.catalina.core.StandardEngine [restartedMain] INFO  - Starting Servlet engine: [Apache Tomcat/9.0.41]
24-02-2021 17:23:28 - org.apache.jasper.servlet.TldScanner [restartedMain] INFO  - At least one JAR was scanned for TLDs yet contained no TLDs. Enable debug logging for this logger for a complete list of JARs that were scanned but no TLDs were found in them. Skipping unneeded JARs during scanning can improve startup time and JSP compilation time.
24-02-2021 17:23:28 - org.apache.catalina.core.ContainerBase.[Tomcat].[localhost].[/] [restartedMain] INFO  - Initializing Spring embedded WebApplicationContext
24-02-2021 17:23:28 - org.springframework.boot.web.servlet.context.ServletWebServerApplicationContext [restartedMain] INFO  - Root WebApplicationContext: initialization completed in 3303 ms
24-02-2021 17:23:28 - org.hibernate.jpa.internal.util.LogHelper [restartedMain] INFO  - HHH000204: Processing PersistenceUnitInfo [name: default]
24-02-2021 17:23:28 - org.hibernate.Version [restartedMain] INFO  - HHH000412: Hibernate ORM core version 5.4.25.Final
24-02-2021 17:23:28 - org.hibernate.annotations.common.Version [restartedMain] INFO  - HCANN000001: Hibernate Commons Annotations {5.1.2.Final}
24-02-2021 17:23:28 - com.zaxxer.hikari.HikariDataSource [restartedMain] INFO  - HikariPool-1 - Starting...
24-02-2021 17:23:29 - com.zaxxer.hikari.HikariDataSource [restartedMain] INFO  - HikariPool-1 - Start completed.
24-02-2021 17:23:29 - org.hibernate.dialect.Dialect [restartedMain] INFO  - HHH000400: Using dialect: org.hibernate.dialect.MySQL55Dialect
24-02-2021 17:23:30 - org.hibernate.engine.transaction.jta.platform.internal.JtaPlatformInitiator [restartedMain] INFO  - HHH000490: Using JtaPlatform implementation: [org.hibernate.engine.transaction.jta.platform.internal.NoJtaPlatform]
24-02-2021 17:23:30 - org.springframework.orm.jpa.LocalContainerEntityManagerFactoryBean [restartedMain] INFO  - Initialized JPA EntityManagerFactory for persistence unit 'default'
24-02-2021 17:23:31 - org.springframework.boot.autoconfigure.orm.jpa.JpaBaseConfiguration$JpaWebConfiguration [restartedMain] WARN  - spring.jpa.open-in-view is enabled by default. Therefore, database queries may be performed during view rendering. Explicitly configure spring.jpa.open-in-view to disable this warning
24-02-2021 17:23:32 - org.springframework.security.web.DefaultSecurityFilterChain [restartedMain] INFO  - Will secure Ant [pattern='/resources/**'] with []
24-02-2021 17:23:32 - org.springframework.security.web.DefaultSecurityFilterChain [restartedMain] INFO  - Will secure any request with [org.springframework.security.web.context.request.async.WebAsyncManagerIntegrationFilter@250222ea, org.springframework.security.web.context.SecurityContextPersistenceFilter@4990fe4b, org.springframework.security.web.header.HeaderWriterFilter@fdd588d, org.springframework.security.web.authentication.logout.LogoutFilter@38730782, org.springframework.security.oauth2.client.web.OAuth2AuthorizationRequestRedirectFilter@71b8650, org.springframework.security.oauth2.client.web.OAuth2LoginAuthenticationFilter@7c66b134, org.springframework.security.web.authentication.www.BasicAuthenticationFilter@157abd79, org.springframework.security.web.savedrequest.RequestCacheAwareFilter@5f64de59, org.springframework.security.web.servletapi.SecurityContextHolderAwareRequestFilter@331c433c, org.springframework.security.web.authentication.AnonymousAuthenticationFilter@100d8dc1, org.springframework.security.web.session.SessionManagementFilter@2d8e6ab3, org.springframework.security.web.access.ExceptionTranslationFilter@63e3047c, org.springframework.security.web.access.intercept.FilterSecurityInterceptor@1982720d]
24-02-2021 17:23:32 - org.springframework.scheduling.concurrent.ThreadPoolTaskExecutor [restartedMain] INFO  - Initializing ExecutorService 'applicationTaskExecutor'
24-02-2021 17:23:32 - org.springframework.boot.autoconfigure.web.servlet.WelcomePageHandlerMapping [restartedMain] INFO  - Adding welcome page template: index
24-02-2021 17:23:33 - org.apache.coyote.http11.Http11NioProtocol [restartedMain] INFO  - Starting ProtocolHandler ["http-nio-8080"]
24-02-2021 17:23:33 - org.springframework.boot.web.embedded.tomcat.TomcatWebServer [restartedMain] INFO  - Tomcat started on port(s): 8080 (http) with context path ''
24-02-2021 17:23:33 - com.toprate.hr_tek_demo.HrTekDemoApplication [restartedMain] INFO  - Started HrTekDemoApplication in 10.208 seconds (JVM running for 12.552)
24-02-2021 17:23:38 - org.apache.catalina.core.ContainerBase.[Tomcat].[localhost].[/] [http-nio-8080-exec-1] INFO  - Initializing Spring DispatcherServlet 'dispatcherServlet'
24-02-2021 17:23:38 - org.springframework.web.servlet.DispatcherServlet [http-nio-8080-exec-1] INFO  - Initializing Servlet 'dispatcherServlet'
24-02-2021 17:23:38 - org.springframework.web.servlet.DispatcherServlet [http-nio-8080-exec-1] INFO  - Completed initialization in 3 ms
24-02-2021 17:23:50 - nz.net.ultraq.thymeleaf.expressions.ExpressionProcessor [http-nio-8080-exec-10] WARN  - Fragment expression "layout" is being wrapped as a Thymeleaf 3 fragment expression (~{...}) for backwards compatibility purposes.  This wrapping will be dropped in the next major version of the expression processor, so please rewrite as a Thymeleaf 3 fragment expression to future-proof your code.  See https://github.com/thymeleaf/thymeleaf/issues/451 for more information.
24-02-2021 17:28:31 - com.toprate.hr_tek_demo.HrTekDemoApplication [restartedMain] INFO  - Starting HrTekDemoApplication using Java 1.8.0_281 on TRUNGDV10 with PID 10220 (F:\HR_Tek\target\classes started by Admin in F:\HR_Tek)
24-02-2021 17:28:31 - com.toprate.hr_tek_demo.HrTekDemoApplication [restartedMain] INFO  - No active profile set, falling back to default profiles: default
24-02-2021 17:28:32 - org.springframework.boot.devtools.env.DevToolsPropertyDefaultsPostProcessor [restartedMain] INFO  - Devtools property defaults active! Set 'spring.devtools.add-properties' to 'false' to disable
24-02-2021 17:28:32 - org.springframework.boot.devtools.env.DevToolsPropertyDefaultsPostProcessor [restartedMain] INFO  - For additional web related logging consider setting the 'logging.level.web' property to 'DEBUG'
24-02-2021 17:28:33 - org.springframework.data.repository.config.RepositoryConfigurationDelegate [restartedMain] INFO  - Bootstrapping Spring Data JPA repositories in DEFAULT mode.
24-02-2021 17:28:33 - org.springframework.data.repository.config.RepositoryConfigurationDelegate [restartedMain] INFO  - Finished Spring Data repository scanning in 149 ms. Found 15 JPA repository interfaces.
24-02-2021 17:28:34 - org.springframework.boot.web.embedded.tomcat.TomcatWebServer [restartedMain] INFO  - Tomcat initialized with port(s): 8080 (http)
24-02-2021 17:28:34 - org.apache.coyote.http11.Http11NioProtocol [restartedMain] INFO  - Initializing ProtocolHandler ["http-nio-8080"]
24-02-2021 17:28:34 - org.apache.catalina.core.StandardService [restartedMain] INFO  - Starting service [Tomcat]
24-02-2021 17:28:34 - org.apache.catalina.core.StandardEngine [restartedMain] INFO  - Starting Servlet engine: [Apache Tomcat/9.0.41]
24-02-2021 17:28:34 - org.apache.jasper.servlet.TldScanner [restartedMain] INFO  - At least one JAR was scanned for TLDs yet contained no TLDs. Enable debug logging for this logger for a complete list of JARs that were scanned but no TLDs were found in them. Skipping unneeded JARs during scanning can improve startup time and JSP compilation time.
24-02-2021 17:28:34 - org.apache.catalina.core.ContainerBase.[Tomcat].[localhost].[/] [restartedMain] INFO  - Initializing Spring embedded WebApplicationContext
24-02-2021 17:28:34 - org.springframework.boot.web.servlet.context.ServletWebServerApplicationContext [restartedMain] INFO  - Root WebApplicationContext: initialization completed in 2514 ms
24-02-2021 17:28:35 - org.hibernate.jpa.internal.util.LogHelper [restartedMain] INFO  - HHH000204: Processing PersistenceUnitInfo [name: default]
24-02-2021 17:28:35 - org.hibernate.Version [restartedMain] INFO  - HHH000412: Hibernate ORM core version 5.4.25.Final
24-02-2021 17:28:35 - org.hibernate.annotations.common.Version [restartedMain] INFO  - HCANN000001: Hibernate Commons Annotations {5.1.2.Final}
24-02-2021 17:28:35 - com.zaxxer.hikari.HikariDataSource [restartedMain] INFO  - HikariPool-1 - Starting...
24-02-2021 17:28:36 - com.zaxxer.hikari.HikariDataSource [restartedMain] INFO  - HikariPool-1 - Start completed.
24-02-2021 17:28:36 - org.hibernate.dialect.Dialect [restartedMain] INFO  - HHH000400: Using dialect: org.hibernate.dialect.MySQL55Dialect
24-02-2021 17:28:37 - org.hibernate.engine.transaction.jta.platform.internal.JtaPlatformInitiator [restartedMain] INFO  - HHH000490: Using JtaPlatform implementation: [org.hibernate.engine.transaction.jta.platform.internal.NoJtaPlatform]
24-02-2021 17:28:37 - org.springframework.orm.jpa.LocalContainerEntityManagerFactoryBean [restartedMain] INFO  - Initialized JPA EntityManagerFactory for persistence unit 'default'
24-02-2021 17:28:38 - org.springframework.boot.autoconfigure.orm.jpa.JpaBaseConfiguration$JpaWebConfiguration [restartedMain] WARN  - spring.jpa.open-in-view is enabled by default. Therefore, database queries may be performed during view rendering. Explicitly configure spring.jpa.open-in-view to disable this warning
24-02-2021 17:28:39 - org.springframework.security.web.DefaultSecurityFilterChain [restartedMain] INFO  - Will secure Ant [pattern='/resources/**'] with []
24-02-2021 17:28:39 - org.springframework.security.web.DefaultSecurityFilterChain [restartedMain] INFO  - Will secure any request with [org.springframework.security.web.context.request.async.WebAsyncManagerIntegrationFilter@72ae634, org.springframework.security.web.context.SecurityContextPersistenceFilter@3ab9947c, org.springframework.security.web.header.HeaderWriterFilter@1e8bd32, org.springframework.security.web.authentication.logout.LogoutFilter@23bb6214, org.springframework.security.oauth2.client.web.OAuth2AuthorizationRequestRedirectFilter@2bd5c173, org.springframework.security.oauth2.client.web.OAuth2LoginAuthenticationFilter@2a5c308d, org.springframework.security.web.authentication.www.BasicAuthenticationFilter@74abc95, org.springframework.security.web.savedrequest.RequestCacheAwareFilter@5d92426a, org.springframework.security.web.servletapi.SecurityContextHolderAwareRequestFilter@56797481, org.springframework.security.web.authentication.AnonymousAuthenticationFilter@1147296d, org.springframework.security.web.session.SessionManagementFilter@6212d756, org.springframework.security.web.access.ExceptionTranslationFilter@7f3d8e1b, org.springframework.security.web.access.intercept.FilterSecurityInterceptor@1e152781]
24-02-2021 17:28:39 - org.springframework.scheduling.concurrent.ThreadPoolTaskExecutor [restartedMain] INFO  - Initializing ExecutorService 'applicationTaskExecutor'
24-02-2021 17:28:40 - org.springframework.boot.autoconfigure.web.servlet.WelcomePageHandlerMapping [restartedMain] INFO  - Adding welcome page template: index
24-02-2021 17:28:40 - org.apache.coyote.http11.Http11NioProtocol [restartedMain] INFO  - Starting ProtocolHandler ["http-nio-8080"]
24-02-2021 17:28:40 - org.springframework.boot.web.embedded.tomcat.TomcatWebServer [restartedMain] INFO  - Tomcat started on port(s): 8080 (http) with context path ''
24-02-2021 17:28:40 - com.toprate.hr_tek_demo.HrTekDemoApplication [restartedMain] INFO  - Started HrTekDemoApplication in 9.444 seconds (JVM running for 11.186)
24-02-2021 17:29:56 - com.toprate.hr_tek_demo.HrTekDemoApplication [restartedMain] INFO  - Starting HrTekDemoApplication using Java 1.8.0_281 on TRUNGDV10 with PID 6148 (F:\HR_Tek\target\classes started by Admin in F:\HR_Tek)
24-02-2021 17:29:56 - com.toprate.hr_tek_demo.HrTekDemoApplication [restartedMain] INFO  - No active profile set, falling back to default profiles: default
24-02-2021 17:29:57 - org.springframework.boot.devtools.env.DevToolsPropertyDefaultsPostProcessor [restartedMain] INFO  - Devtools property defaults active! Set 'spring.devtools.add-properties' to 'false' to disable
24-02-2021 17:29:57 - org.springframework.boot.devtools.env.DevToolsPropertyDefaultsPostProcessor [restartedMain] INFO  - For additional web related logging consider setting the 'logging.level.web' property to 'DEBUG'
24-02-2021 17:29:58 - org.springframework.data.repository.config.RepositoryConfigurationDelegate [restartedMain] INFO  - Bootstrapping Spring Data JPA repositories in DEFAULT mode.
24-02-2021 17:29:58 - org.springframework.data.repository.config.RepositoryConfigurationDelegate [restartedMain] INFO  - Finished Spring Data repository scanning in 161 ms. Found 15 JPA repository interfaces.
24-02-2021 17:30:00 - org.springframework.boot.web.embedded.tomcat.TomcatWebServer [restartedMain] INFO  - Tomcat initialized with port(s): 8080 (http)
24-02-2021 17:30:00 - org.apache.coyote.http11.Http11NioProtocol [restartedMain] INFO  - Initializing ProtocolHandler ["http-nio-8080"]
24-02-2021 17:30:00 - org.apache.catalina.core.StandardService [restartedMain] INFO  - Starting service [Tomcat]
24-02-2021 17:30:00 - org.apache.catalina.core.StandardEngine [restartedMain] INFO  - Starting Servlet engine: [Apache Tomcat/9.0.41]
24-02-2021 17:30:00 - org.apache.jasper.servlet.TldScanner [restartedMain] INFO  - At least one JAR was scanned for TLDs yet contained no TLDs. Enable debug logging for this logger for a complete list of JARs that were scanned but no TLDs were found in them. Skipping unneeded JARs during scanning can improve startup time and JSP compilation time.
24-02-2021 17:30:00 - org.apache.catalina.core.ContainerBase.[Tomcat].[localhost].[/] [restartedMain] INFO  - Initializing Spring embedded WebApplicationContext
24-02-2021 17:30:00 - org.springframework.boot.web.servlet.context.ServletWebServerApplicationContext [restartedMain] INFO  - Root WebApplicationContext: initialization completed in 3057 ms
24-02-2021 17:30:00 - org.hibernate.jpa.internal.util.LogHelper [restartedMain] INFO  - HHH000204: Processing PersistenceUnitInfo [name: default]
24-02-2021 17:30:00 - org.hibernate.Version [restartedMain] INFO  - HHH000412: Hibernate ORM core version 5.4.25.Final
24-02-2021 17:30:01 - org.hibernate.annotations.common.Version [restartedMain] INFO  - HCANN000001: Hibernate Commons Annotations {5.1.2.Final}
24-02-2021 17:30:01 - com.zaxxer.hikari.HikariDataSource [restartedMain] INFO  - HikariPool-1 - Starting...
24-02-2021 17:30:02 - com.zaxxer.hikari.HikariDataSource [restartedMain] INFO  - HikariPool-1 - Start completed.
24-02-2021 17:30:02 - org.hibernate.dialect.Dialect [restartedMain] INFO  - HHH000400: Using dialect: org.hibernate.dialect.MySQL55Dialect
24-02-2021 17:30:03 - org.hibernate.engine.transaction.jta.platform.internal.JtaPlatformInitiator [restartedMain] INFO  - HHH000490: Using JtaPlatform implementation: [org.hibernate.engine.transaction.jta.platform.internal.NoJtaPlatform]
24-02-2021 17:30:03 - org.springframework.orm.jpa.LocalContainerEntityManagerFactoryBean [restartedMain] INFO  - Initialized JPA EntityManagerFactory for persistence unit 'default'
24-02-2021 17:30:04 - org.springframework.boot.autoconfigure.orm.jpa.JpaBaseConfiguration$JpaWebConfiguration [restartedMain] WARN  - spring.jpa.open-in-view is enabled by default. Therefore, database queries may be performed during view rendering. Explicitly configure spring.jpa.open-in-view to disable this warning
24-02-2021 17:30:05 - org.springframework.security.web.DefaultSecurityFilterChain [restartedMain] INFO  - Will secure Ant [pattern='/resources/**'] with []
24-02-2021 17:30:05 - org.springframework.security.web.DefaultSecurityFilterChain [restartedMain] INFO  - Will secure any request with [org.springframework.security.web.context.request.async.WebAsyncManagerIntegrationFilter@74c8cd73, org.springframework.security.web.context.SecurityContextPersistenceFilter@570f6ccb, org.springframework.security.web.header.HeaderWriterFilter@2ac2a321, org.springframework.security.web.authentication.logout.LogoutFilter@14b306f4, org.springframework.security.oauth2.client.web.OAuth2AuthorizationRequestRedirectFilter@74a4966c, org.springframework.security.oauth2.client.web.OAuth2LoginAuthenticationFilter@1af2e026, org.springframework.security.web.authentication.www.BasicAuthenticationFilter@3c9fd761, org.springframework.security.web.savedrequest.RequestCacheAwareFilter@12346d1b, org.springframework.security.web.servletapi.SecurityContextHolderAwareRequestFilter@3c80ba72, org.springframework.security.web.authentication.AnonymousAuthenticationFilter@e2eb548, org.springframework.security.web.session.SessionManagementFilter@5d3e163b, org.springframework.security.web.access.ExceptionTranslationFilter@4481df82, org.springframework.security.web.access.intercept.FilterSecurityInterceptor@56694137]
24-02-2021 17:30:06 - org.springframework.scheduling.concurrent.ThreadPoolTaskExecutor [restartedMain] INFO  - Initializing ExecutorService 'applicationTaskExecutor'
24-02-2021 17:30:06 - org.springframework.boot.autoconfigure.web.servlet.WelcomePageHandlerMapping [restartedMain] INFO  - Adding welcome page template: index
24-02-2021 17:30:06 - org.apache.coyote.http11.Http11NioProtocol [restartedMain] INFO  - Starting ProtocolHandler ["http-nio-8080"]
24-02-2021 17:30:06 - org.springframework.boot.web.embedded.tomcat.TomcatWebServer [restartedMain] INFO  - Tomcat started on port(s): 8080 (http) with context path ''
24-02-2021 17:30:06 - com.toprate.hr_tek_demo.HrTekDemoApplication [restartedMain] INFO  - Started HrTekDemoApplication in 11.17 seconds (JVM running for 13.761)
24-02-2021 17:30:10 - org.apache.catalina.core.ContainerBase.[Tomcat].[localhost].[/] [http-nio-8080-exec-1] INFO  - Initializing Spring DispatcherServlet 'dispatcherServlet'
24-02-2021 17:30:10 - org.springframework.web.servlet.DispatcherServlet [http-nio-8080-exec-1] INFO  - Initializing Servlet 'dispatcherServlet'
24-02-2021 17:30:10 - org.springframework.web.servlet.DispatcherServlet [http-nio-8080-exec-1] INFO  - Completed initialization in 2 ms
24-02-2021 17:30:11 - nz.net.ultraq.thymeleaf.expressions.ExpressionProcessor [http-nio-8080-exec-1] WARN  - Fragment expression "layout" is being wrapped as a Thymeleaf 3 fragment expression (~{...}) for backwards compatibility purposes.  This wrapping will be dropped in the next major version of the expression processor, so please rewrite as a Thymeleaf 3 fragment expression to future-proof your code.  See https://github.com/thymeleaf/thymeleaf/issues/451 for more information.
