03-03-2021 17:15:36 - com.toprate.hr_tek_demo.HrTekDemoApplication [restartedMain] INFO  - Starting HrTekDemoApplication using Java 1.8.0_281 on TRUNGDV10 with PID 7472 (F:\HR_Tek\target\classes started by Admin in F:\HR_Tek)
03-03-2021 17:15:36 - com.toprate.hr_tek_demo.HrTekDemoApplication [restartedMain] INFO  - No active profile set, falling back to default profiles: default
03-03-2021 17:15:37 - org.springframework.boot.devtools.env.DevToolsPropertyDefaultsPostProcessor [restartedMain] INFO  - Devtools property defaults active! Set 'spring.devtools.add-properties' to 'false' to disable
03-03-2021 17:15:37 - org.springframework.boot.devtools.env.DevToolsPropertyDefaultsPostProcessor [restartedMain] INFO  - For additional web related logging consider setting the 'logging.level.web' property to 'DEBUG'
03-03-2021 17:15:38 - org.springframework.data.repository.config.RepositoryConfigurationDelegate [restartedMain] INFO  - Bootstrapping Spring Data JPA repositories in DEFAULT mode.
03-03-2021 17:15:38 - org.springframework.data.repository.config.RepositoryConfigurationDelegate [restartedMain] INFO  - Finished Spring Data repository scanning in 192 ms. Found 15 JPA repository interfaces.
03-03-2021 17:15:39 - org.springframework.boot.web.embedded.tomcat.TomcatWebServer [restartedMain] INFO  - Tomcat initialized with port(s): 8080 (http)
03-03-2021 17:15:39 - org.apache.coyote.http11.Http11NioProtocol [restartedMain] INFO  - Initializing ProtocolHandler ["http-nio-8080"]
03-03-2021 17:15:39 - org.apache.catalina.core.StandardService [restartedMain] INFO  - Starting service [Tomcat]
03-03-2021 17:15:39 - org.apache.catalina.core.StandardEngine [restartedMain] INFO  - Starting Servlet engine: [Apache Tomcat/9.0.41]
03-03-2021 17:15:39 - org.apache.jasper.servlet.TldScanner [restartedMain] INFO  - At least one JAR was scanned for TLDs yet contained no TLDs. Enable debug logging for this logger for a complete list of JARs that were scanned but no TLDs were found in them. Skipping unneeded JARs during scanning can improve startup time and JSP compilation time.
03-03-2021 17:15:39 - org.apache.catalina.core.ContainerBase.[Tomcat].[localhost].[/] [restartedMain] INFO  - Initializing Spring embedded WebApplicationContext
03-03-2021 17:15:39 - org.springframework.boot.web.servlet.context.ServletWebServerApplicationContext [restartedMain] INFO  - Root WebApplicationContext: initialization completed in 2291 ms
03-03-2021 17:15:40 - org.hibernate.jpa.internal.util.LogHelper [restartedMain] INFO  - HHH000204: Processing PersistenceUnitInfo [name: default]
03-03-2021 17:15:40 - org.hibernate.Version [restartedMain] INFO  - HHH000412: Hibernate ORM core version 5.4.25.Final
03-03-2021 17:15:40 - org.hibernate.annotations.common.Version [restartedMain] INFO  - HCANN000001: Hibernate Commons Annotations {5.1.2.Final}
03-03-2021 17:15:40 - com.zaxxer.hikari.HikariDataSource [restartedMain] INFO  - HikariPool-1 - Starting...
03-03-2021 17:15:41 - com.zaxxer.hikari.HikariDataSource [restartedMain] INFO  - HikariPool-1 - Start completed.
03-03-2021 17:15:41 - org.hibernate.dialect.Dialect [restartedMain] INFO  - HHH000400: Using dialect: org.hibernate.dialect.MySQL55Dialect
03-03-2021 17:15:43 - org.hibernate.engine.transaction.jta.platform.internal.JtaPlatformInitiator [restartedMain] INFO  - HHH000490: Using JtaPlatform implementation: [org.hibernate.engine.transaction.jta.platform.internal.NoJtaPlatform]
03-03-2021 17:15:43 - org.springframework.orm.jpa.LocalContainerEntityManagerFactoryBean [restartedMain] INFO  - Initialized JPA EntityManagerFactory for persistence unit 'default'
03-03-2021 17:15:43 - org.springframework.boot.autoconfigure.orm.jpa.JpaBaseConfiguration$JpaWebConfiguration [restartedMain] WARN  - spring.jpa.open-in-view is enabled by default. Therefore, database queries may be performed during view rendering. Explicitly configure spring.jpa.open-in-view to disable this warning
03-03-2021 17:15:44 - org.springframework.security.web.DefaultSecurityFilterChain [restartedMain] INFO  - Will secure Ant [pattern='/resources/**'] with []
03-03-2021 17:15:44 - org.springframework.security.web.DefaultSecurityFilterChain [restartedMain] INFO  - Will secure any request with [org.springframework.security.web.context.request.async.WebAsyncManagerIntegrationFilter@7eb348d0, org.springframework.security.web.context.SecurityContextPersistenceFilter@75b1e1dc, org.springframework.security.web.header.HeaderWriterFilter@169a175d, org.springframework.security.web.authentication.logout.LogoutFilter@32262f0c, org.springframework.security.oauth2.client.web.OAuth2AuthorizationRequestRedirectFilter@42d9daa9, org.springframework.security.oauth2.client.web.OAuth2LoginAuthenticationFilter@e28c573, org.springframework.security.web.authentication.www.BasicAuthenticationFilter@6fc7554a, org.springframework.security.web.savedrequest.RequestCacheAwareFilter@40195ae7, org.springframework.security.web.servletapi.SecurityContextHolderAwareRequestFilter@6aa51402, org.springframework.security.web.authentication.AnonymousAuthenticationFilter@11405136, org.springframework.security.web.session.SessionManagementFilter@3557315c, org.springframework.security.web.access.ExceptionTranslationFilter@139d2e11, org.springframework.security.web.access.intercept.FilterSecurityInterceptor@51565375]
03-03-2021 17:15:44 - org.springframework.scheduling.concurrent.ThreadPoolTaskExecutor [restartedMain] INFO  - Initializing ExecutorService 'applicationTaskExecutor'
03-03-2021 17:15:45 - org.springframework.boot.autoconfigure.web.servlet.WelcomePageHandlerMapping [restartedMain] INFO  - Adding welcome page template: index
03-03-2021 17:15:45 - org.apache.coyote.http11.Http11NioProtocol [restartedMain] INFO  - Starting ProtocolHandler ["http-nio-8080"]
03-03-2021 17:15:45 - org.springframework.boot.web.embedded.tomcat.TomcatWebServer [restartedMain] INFO  - Tomcat started on port(s): 8080 (http) with context path ''
03-03-2021 17:15:45 - com.toprate.hr_tek_demo.HrTekDemoApplication [restartedMain] INFO  - Started HrTekDemoApplication in 9.823 seconds (JVM running for 12.679)
03-03-2021 17:15:50 - org.apache.catalina.core.ContainerBase.[Tomcat].[localhost].[/] [http-nio-8080-exec-1] INFO  - Initializing Spring DispatcherServlet 'dispatcherServlet'
03-03-2021 17:15:50 - org.springframework.web.servlet.DispatcherServlet [http-nio-8080-exec-1] INFO  - Initializing Servlet 'dispatcherServlet'
03-03-2021 17:15:50 - org.springframework.web.servlet.DispatcherServlet [http-nio-8080-exec-1] INFO  - Completed initialization in 3 ms
03-03-2021 17:16:13 - nz.net.ultraq.thymeleaf.expressions.ExpressionProcessor [http-nio-8080-exec-8] WARN  - Fragment expression "layout" is being wrapped as a Thymeleaf 3 fragment expression (~{...}) for backwards compatibility purposes.  This wrapping will be dropped in the next major version of the expression processor, so please rewrite as a Thymeleaf 3 fragment expression to future-proof your code.  See https://github.com/thymeleaf/thymeleaf/issues/451 for more information.
03-03-2021 17:38:57 - com.toprate.hr_tek_demo.HrTekDemoApplication [restartedMain] INFO  - Starting HrTekDemoApplication using Java 1.8.0_281 on TRUNGDV10 with PID 7156 (F:\HR_Tek\target\classes started by Admin in F:\HR_Tek)
03-03-2021 17:38:57 - com.toprate.hr_tek_demo.HrTekDemoApplication [restartedMain] INFO  - No active profile set, falling back to default profiles: default
03-03-2021 17:38:57 - org.springframework.boot.devtools.env.DevToolsPropertyDefaultsPostProcessor [restartedMain] INFO  - Devtools property defaults active! Set 'spring.devtools.add-properties' to 'false' to disable
03-03-2021 17:38:57 - org.springframework.boot.devtools.env.DevToolsPropertyDefaultsPostProcessor [restartedMain] INFO  - For additional web related logging consider setting the 'logging.level.web' property to 'DEBUG'
03-03-2021 17:38:58 - org.springframework.data.repository.config.RepositoryConfigurationDelegate [restartedMain] INFO  - Bootstrapping Spring Data JPA repositories in DEFAULT mode.
03-03-2021 17:38:58 - org.springframework.data.repository.config.RepositoryConfigurationDelegate [restartedMain] INFO  - Finished Spring Data repository scanning in 150 ms. Found 15 JPA repository interfaces.
03-03-2021 17:38:59 - org.springframework.boot.web.embedded.tomcat.TomcatWebServer [restartedMain] INFO  - Tomcat initialized with port(s): 8080 (http)
03-03-2021 17:38:59 - org.apache.coyote.http11.Http11NioProtocol [restartedMain] INFO  - Initializing ProtocolHandler ["http-nio-8080"]
03-03-2021 17:38:59 - org.apache.catalina.core.StandardService [restartedMain] INFO  - Starting service [Tomcat]
03-03-2021 17:38:59 - org.apache.catalina.core.StandardEngine [restartedMain] INFO  - Starting Servlet engine: [Apache Tomcat/9.0.41]
03-03-2021 17:38:59 - org.apache.jasper.servlet.TldScanner [restartedMain] INFO  - At least one JAR was scanned for TLDs yet contained no TLDs. Enable debug logging for this logger for a complete list of JARs that were scanned but no TLDs were found in them. Skipping unneeded JARs during scanning can improve startup time and JSP compilation time.
03-03-2021 17:38:59 - org.apache.catalina.core.ContainerBase.[Tomcat].[localhost].[/] [restartedMain] INFO  - Initializing Spring embedded WebApplicationContext
03-03-2021 17:38:59 - org.springframework.boot.web.servlet.context.ServletWebServerApplicationContext [restartedMain] INFO  - Root WebApplicationContext: initialization completed in 2102 ms
03-03-2021 17:39:00 - org.hibernate.jpa.internal.util.LogHelper [restartedMain] INFO  - HHH000204: Processing PersistenceUnitInfo [name: default]
03-03-2021 17:39:00 - org.hibernate.Version [restartedMain] INFO  - HHH000412: Hibernate ORM core version 5.4.25.Final
03-03-2021 17:39:00 - org.hibernate.annotations.common.Version [restartedMain] INFO  - HCANN000001: Hibernate Commons Annotations {5.1.2.Final}
03-03-2021 17:39:00 - com.zaxxer.hikari.HikariDataSource [restartedMain] INFO  - HikariPool-1 - Starting...
03-03-2021 17:39:01 - com.zaxxer.hikari.HikariDataSource [restartedMain] INFO  - HikariPool-1 - Start completed.
03-03-2021 17:39:01 - org.hibernate.dialect.Dialect [restartedMain] INFO  - HHH000400: Using dialect: org.hibernate.dialect.MySQL55Dialect
03-03-2021 17:39:02 - org.hibernate.engine.transaction.jta.platform.internal.JtaPlatformInitiator [restartedMain] INFO  - HHH000490: Using JtaPlatform implementation: [org.hibernate.engine.transaction.jta.platform.internal.NoJtaPlatform]
03-03-2021 17:39:02 - org.springframework.orm.jpa.LocalContainerEntityManagerFactoryBean [restartedMain] INFO  - Initialized JPA EntityManagerFactory for persistence unit 'default'
03-03-2021 17:39:03 - org.springframework.boot.autoconfigure.orm.jpa.JpaBaseConfiguration$JpaWebConfiguration [restartedMain] WARN  - spring.jpa.open-in-view is enabled by default. Therefore, database queries may be performed during view rendering. Explicitly configure spring.jpa.open-in-view to disable this warning
03-03-2021 17:39:04 - org.springframework.security.web.DefaultSecurityFilterChain [restartedMain] INFO  - Will secure Ant [pattern='/resources/**'] with []
03-03-2021 17:39:04 - org.springframework.security.web.DefaultSecurityFilterChain [restartedMain] INFO  - Will secure any request with [org.springframework.security.web.context.request.async.WebAsyncManagerIntegrationFilter@62faf40b, org.springframework.security.web.context.SecurityContextPersistenceFilter@3ebb9184, org.springframework.security.web.header.HeaderWriterFilter@9f08dae, org.springframework.security.web.authentication.logout.LogoutFilter@76aa5638, org.springframework.security.oauth2.client.web.OAuth2AuthorizationRequestRedirectFilter@622e6538, org.springframework.security.oauth2.client.web.OAuth2LoginAuthenticationFilter@11ced3b2, org.springframework.security.web.authentication.www.BasicAuthenticationFilter@57ab587c, org.springframework.security.web.savedrequest.RequestCacheAwareFilter@4cf7bb75, org.springframework.security.web.servletapi.SecurityContextHolderAwareRequestFilter@79c5e1b9, org.springframework.security.web.authentication.AnonymousAuthenticationFilter@40b79089, org.springframework.security.web.session.SessionManagementFilter@6f190070, org.springframework.security.web.access.ExceptionTranslationFilter@dc026ec, org.springframework.security.web.access.intercept.FilterSecurityInterceptor@18599de]
03-03-2021 17:39:04 - org.springframework.scheduling.concurrent.ThreadPoolTaskExecutor [restartedMain] INFO  - Initializing ExecutorService 'applicationTaskExecutor'
03-03-2021 17:39:04 - org.springframework.boot.autoconfigure.web.servlet.WelcomePageHandlerMapping [restartedMain] INFO  - Adding welcome page template: index
03-03-2021 17:39:05 - org.apache.coyote.http11.Http11NioProtocol [restartedMain] INFO  - Starting ProtocolHandler ["http-nio-8080"]
03-03-2021 17:39:05 - org.springframework.boot.web.embedded.tomcat.TomcatWebServer [restartedMain] INFO  - Tomcat started on port(s): 8080 (http) with context path ''
03-03-2021 17:39:05 - com.toprate.hr_tek_demo.HrTekDemoApplication [restartedMain] INFO  - Started HrTekDemoApplication in 8.216 seconds (JVM running for 9.803)
03-03-2021 17:39:27 - org.apache.catalina.core.ContainerBase.[Tomcat].[localhost].[/] [http-nio-8080-exec-1] INFO  - Initializing Spring DispatcherServlet 'dispatcherServlet'
03-03-2021 17:39:27 - org.springframework.web.servlet.DispatcherServlet [http-nio-8080-exec-1] INFO  - Initializing Servlet 'dispatcherServlet'
03-03-2021 17:39:27 - org.springframework.web.servlet.DispatcherServlet [http-nio-8080-exec-1] INFO  - Completed initialization in 2 ms
03-03-2021 17:40:43 - nz.net.ultraq.thymeleaf.expressions.ExpressionProcessor [http-nio-8080-exec-4] WARN  - Fragment expression "layout" is being wrapped as a Thymeleaf 3 fragment expression (~{...}) for backwards compatibility purposes.  This wrapping will be dropped in the next major version of the expression processor, so please rewrite as a Thymeleaf 3 fragment expression to future-proof your code.  See https://github.com/thymeleaf/thymeleaf/issues/451 for more information.
03-03-2021 17:42:41 - com.toprate.hr_tek_demo.HrTekDemoApplication [restartedMain] INFO  - Starting HrTekDemoApplication using Java 1.8.0_281 on TRUNGDV10 with PID 9684 (F:\HR_Tek\target\classes started by Admin in F:\HR_Tek)
03-03-2021 17:42:41 - com.toprate.hr_tek_demo.HrTekDemoApplication [restartedMain] INFO  - No active profile set, falling back to default profiles: default
03-03-2021 17:42:42 - org.springframework.boot.devtools.env.DevToolsPropertyDefaultsPostProcessor [restartedMain] INFO  - Devtools property defaults active! Set 'spring.devtools.add-properties' to 'false' to disable
03-03-2021 17:42:42 - org.springframework.boot.devtools.env.DevToolsPropertyDefaultsPostProcessor [restartedMain] INFO  - For additional web related logging consider setting the 'logging.level.web' property to 'DEBUG'
03-03-2021 17:42:43 - org.springframework.data.repository.config.RepositoryConfigurationDelegate [restartedMain] INFO  - Bootstrapping Spring Data JPA repositories in DEFAULT mode.
03-03-2021 17:42:43 - org.springframework.data.repository.config.RepositoryConfigurationDelegate [restartedMain] INFO  - Finished Spring Data repository scanning in 159 ms. Found 15 JPA repository interfaces.
03-03-2021 17:42:43 - org.springframework.boot.web.embedded.tomcat.TomcatWebServer [restartedMain] INFO  - Tomcat initialized with port(s): 8080 (http)
03-03-2021 17:42:43 - org.apache.coyote.http11.Http11NioProtocol [restartedMain] INFO  - Initializing ProtocolHandler ["http-nio-8080"]
03-03-2021 17:42:43 - org.apache.catalina.core.StandardService [restartedMain] INFO  - Starting service [Tomcat]
03-03-2021 17:42:43 - org.apache.catalina.core.StandardEngine [restartedMain] INFO  - Starting Servlet engine: [Apache Tomcat/9.0.41]
03-03-2021 17:42:44 - org.apache.jasper.servlet.TldScanner [restartedMain] INFO  - At least one JAR was scanned for TLDs yet contained no TLDs. Enable debug logging for this logger for a complete list of JARs that were scanned but no TLDs were found in them. Skipping unneeded JARs during scanning can improve startup time and JSP compilation time.
03-03-2021 17:42:44 - org.apache.catalina.core.ContainerBase.[Tomcat].[localhost].[/] [restartedMain] INFO  - Initializing Spring embedded WebApplicationContext
03-03-2021 17:42:44 - org.springframework.boot.web.servlet.context.ServletWebServerApplicationContext [restartedMain] INFO  - Root WebApplicationContext: initialization completed in 2143 ms
03-03-2021 17:42:44 - org.hibernate.jpa.internal.util.LogHelper [restartedMain] INFO  - HHH000204: Processing PersistenceUnitInfo [name: default]
03-03-2021 17:42:44 - org.hibernate.Version [restartedMain] INFO  - HHH000412: Hibernate ORM core version 5.4.25.Final
03-03-2021 17:42:44 - org.hibernate.annotations.common.Version [restartedMain] INFO  - HCANN000001: Hibernate Commons Annotations {5.1.2.Final}
03-03-2021 17:42:44 - com.zaxxer.hikari.HikariDataSource [restartedMain] INFO  - HikariPool-1 - Starting...
03-03-2021 17:42:45 - com.zaxxer.hikari.HikariDataSource [restartedMain] INFO  - HikariPool-1 - Start completed.
03-03-2021 17:42:45 - org.hibernate.dialect.Dialect [restartedMain] INFO  - HHH000400: Using dialect: org.hibernate.dialect.MySQL55Dialect
03-03-2021 17:42:46 - org.hibernate.engine.transaction.jta.platform.internal.JtaPlatformInitiator [restartedMain] INFO  - HHH000490: Using JtaPlatform implementation: [org.hibernate.engine.transaction.jta.platform.internal.NoJtaPlatform]
03-03-2021 17:42:46 - org.springframework.orm.jpa.LocalContainerEntityManagerFactoryBean [restartedMain] INFO  - Initialized JPA EntityManagerFactory for persistence unit 'default'
03-03-2021 17:42:46 - org.springframework.boot.autoconfigure.orm.jpa.JpaBaseConfiguration$JpaWebConfiguration [restartedMain] WARN  - spring.jpa.open-in-view is enabled by default. Therefore, database queries may be performed during view rendering. Explicitly configure spring.jpa.open-in-view to disable this warning
03-03-2021 17:42:48 - org.springframework.security.web.DefaultSecurityFilterChain [restartedMain] INFO  - Will secure Ant [pattern='/resources/**'] with []
03-03-2021 17:42:48 - org.springframework.security.web.DefaultSecurityFilterChain [restartedMain] INFO  - Will secure any request with [org.springframework.security.web.context.request.async.WebAsyncManagerIntegrationFilter@3287238c, org.springframework.security.web.context.SecurityContextPersistenceFilter@24524611, org.springframework.security.web.header.HeaderWriterFilter@34e27aad, org.springframework.security.web.authentication.logout.LogoutFilter@397ab593, org.springframework.security.oauth2.client.web.OAuth2AuthorizationRequestRedirectFilter@23f908cd, org.springframework.security.oauth2.client.web.OAuth2LoginAuthenticationFilter@3f4787b8, org.springframework.security.web.authentication.www.BasicAuthenticationFilter@314ea947, org.springframework.security.web.savedrequest.RequestCacheAwareFilter@18d23954, org.springframework.security.web.servletapi.SecurityContextHolderAwareRequestFilter@43cee391, org.springframework.security.web.authentication.AnonymousAuthenticationFilter@57ff502e, org.springframework.security.web.session.SessionManagementFilter@73583b7a, org.springframework.security.web.access.ExceptionTranslationFilter@6ecc2d12, org.springframework.security.web.access.intercept.FilterSecurityInterceptor@7f15eeab]
03-03-2021 17:42:48 - org.springframework.scheduling.concurrent.ThreadPoolTaskExecutor [restartedMain] INFO  - Initializing ExecutorService 'applicationTaskExecutor'
03-03-2021 17:42:48 - org.springframework.boot.autoconfigure.web.servlet.WelcomePageHandlerMapping [restartedMain] INFO  - Adding welcome page template: index
03-03-2021 17:42:49 - org.apache.coyote.http11.Http11NioProtocol [restartedMain] INFO  - Starting ProtocolHandler ["http-nio-8080"]
03-03-2021 17:42:49 - org.springframework.boot.web.embedded.tomcat.TomcatWebServer [restartedMain] INFO  - Tomcat started on port(s): 8080 (http) with context path ''
03-03-2021 17:42:49 - com.toprate.hr_tek_demo.HrTekDemoApplication [restartedMain] INFO  - Started HrTekDemoApplication in 8.005 seconds (JVM running for 9.729)
03-03-2021 17:42:55 - org.apache.catalina.core.ContainerBase.[Tomcat].[localhost].[/] [http-nio-8080-exec-1] INFO  - Initializing Spring DispatcherServlet 'dispatcherServlet'
03-03-2021 17:42:55 - org.springframework.web.servlet.DispatcherServlet [http-nio-8080-exec-1] INFO  - Initializing Servlet 'dispatcherServlet'
03-03-2021 17:42:55 - org.springframework.web.servlet.DispatcherServlet [http-nio-8080-exec-1] INFO  - Completed initialization in 3 ms
