09-03-2021 16:01:41 - com.toprate.hr_tek_demo.HrTekDemoApplication [restartedMain] INFO  - Starting HrTekDemoApplication using Java 1.8.0_281 on TRUNGDV10 with PID 8968 (F:\HR_Tek\target\classes started by Admin in F:\HR_Tek)
09-03-2021 16:01:41 - com.toprate.hr_tek_demo.HrTekDemoApplication [restartedMain] INFO  - No active profile set, falling back to default profiles: default
09-03-2021 16:01:42 - org.springframework.boot.devtools.env.DevToolsPropertyDefaultsPostProcessor [restartedMain] INFO  - Devtools property defaults active! Set 'spring.devtools.add-properties' to 'false' to disable
09-03-2021 16:01:42 - org.springframework.boot.devtools.env.DevToolsPropertyDefaultsPostProcessor [restartedMain] INFO  - For additional web related logging consider setting the 'logging.level.web' property to 'DEBUG'
09-03-2021 16:01:44 - org.springframework.data.repository.config.RepositoryConfigurationDelegate [restartedMain] INFO  - Bootstrapping Spring Data JPA repositories in DEFAULT mode.
09-03-2021 16:01:44 - org.springframework.data.repository.config.RepositoryConfigurationDelegate [restartedMain] INFO  - Finished Spring Data repository scanning in 211 ms. Found 15 JPA repository interfaces.
09-03-2021 16:01:45 - org.springframework.boot.web.embedded.tomcat.TomcatWebServer [restartedMain] INFO  - Tomcat initialized with port(s): 8080 (http)
09-03-2021 16:01:45 - org.apache.coyote.http11.Http11NioProtocol [restartedMain] INFO  - Initializing ProtocolHandler ["http-nio-8080"]
09-03-2021 16:01:45 - org.apache.catalina.core.StandardService [restartedMain] INFO  - Starting service [Tomcat]
09-03-2021 16:01:45 - org.apache.catalina.core.StandardEngine [restartedMain] INFO  - Starting Servlet engine: [Apache Tomcat/9.0.41]
09-03-2021 16:01:45 - org.apache.jasper.servlet.TldScanner [restartedMain] INFO  - At least one JAR was scanned for TLDs yet contained no TLDs. Enable debug logging for this logger for a complete list of JARs that were scanned but no TLDs were found in them. Skipping unneeded JARs during scanning can improve startup time and JSP compilation time.
09-03-2021 16:01:45 - org.apache.catalina.core.ContainerBase.[Tomcat].[localhost].[/] [restartedMain] INFO  - Initializing Spring embedded WebApplicationContext
09-03-2021 16:01:45 - org.springframework.boot.web.servlet.context.ServletWebServerApplicationContext [restartedMain] INFO  - Root WebApplicationContext: initialization completed in 3383 ms
09-03-2021 16:01:46 - org.hibernate.jpa.internal.util.LogHelper [restartedMain] INFO  - HHH000204: Processing PersistenceUnitInfo [name: default]
09-03-2021 16:01:46 - org.hibernate.Version [restartedMain] INFO  - HHH000412: Hibernate ORM core version 5.4.25.Final
09-03-2021 16:01:46 - org.hibernate.annotations.common.Version [restartedMain] INFO  - HCANN000001: Hibernate Commons Annotations {5.1.2.Final}
09-03-2021 16:01:46 - com.zaxxer.hikari.HikariDataSource [restartedMain] INFO  - HikariPool-1 - Starting...
09-03-2021 16:01:47 - com.zaxxer.hikari.HikariDataSource [restartedMain] INFO  - HikariPool-1 - Start completed.
09-03-2021 16:01:47 - org.hibernate.dialect.Dialect [restartedMain] INFO  - HHH000400: Using dialect: org.hibernate.dialect.MySQL55Dialect
09-03-2021 16:01:49 - org.hibernate.engine.transaction.jta.platform.internal.JtaPlatformInitiator [restartedMain] INFO  - HHH000490: Using JtaPlatform implementation: [org.hibernate.engine.transaction.jta.platform.internal.NoJtaPlatform]
09-03-2021 16:01:49 - org.springframework.orm.jpa.LocalContainerEntityManagerFactoryBean [restartedMain] INFO  - Initialized JPA EntityManagerFactory for persistence unit 'default'
09-03-2021 16:01:50 - org.springframework.boot.autoconfigure.orm.jpa.JpaBaseConfiguration$JpaWebConfiguration [restartedMain] WARN  - spring.jpa.open-in-view is enabled by default. Therefore, database queries may be performed during view rendering. Explicitly configure spring.jpa.open-in-view to disable this warning
09-03-2021 16:01:51 - org.springframework.security.web.DefaultSecurityFilterChain [restartedMain] INFO  - Will secure Ant [pattern='/resources/**'] with []
09-03-2021 16:01:51 - org.springframework.security.web.DefaultSecurityFilterChain [restartedMain] INFO  - Will secure any request with [org.springframework.security.web.context.request.async.WebAsyncManagerIntegrationFilter@64a9809d, org.springframework.security.web.context.SecurityContextPersistenceFilter@139d2e11, org.springframework.security.web.header.HeaderWriterFilter@58f00416, org.springframework.security.web.authentication.logout.LogoutFilter@2dcc63e0, org.springframework.security.oauth2.client.web.OAuth2AuthorizationRequestRedirectFilter@201dc377, org.springframework.security.oauth2.client.web.OAuth2LoginAuthenticationFilter@65b69e65, org.springframework.security.web.authentication.www.BasicAuthenticationFilter@e28c573, org.springframework.security.web.savedrequest.RequestCacheAwareFilter@d6780cd, org.springframework.security.web.servletapi.SecurityContextHolderAwareRequestFilter@4a04dd78, org.springframework.security.web.authentication.AnonymousAuthenticationFilter@2419df26, org.springframework.security.web.session.SessionManagementFilter@3e69a41f, org.springframework.security.web.access.ExceptionTranslationFilter@1e14c3cf, org.springframework.security.web.access.intercept.FilterSecurityInterceptor@32321e12]
09-03-2021 16:01:52 - org.springframework.scheduling.concurrent.ThreadPoolTaskExecutor [restartedMain] INFO  - Initializing ExecutorService 'applicationTaskExecutor'
09-03-2021 16:01:52 - org.springframework.boot.autoconfigure.web.servlet.WelcomePageHandlerMapping [restartedMain] INFO  - Adding welcome page template: index
09-03-2021 16:01:56 - org.apache.coyote.http11.Http11NioProtocol [restartedMain] INFO  - Starting ProtocolHandler ["http-nio-8080"]
09-03-2021 16:01:56 - org.springframework.boot.web.embedded.tomcat.TomcatWebServer [restartedMain] INFO  - Tomcat started on port(s): 8080 (http) with context path ''
09-03-2021 16:01:56 - com.toprate.hr_tek_demo.HrTekDemoApplication [restartedMain] INFO  - Started HrTekDemoApplication in 15.214 seconds (JVM running for 17.719)
09-03-2021 16:02:11 - org.apache.catalina.core.ContainerBase.[Tomcat].[localhost].[/] [http-nio-8080-exec-1] INFO  - Initializing Spring DispatcherServlet 'dispatcherServlet'
09-03-2021 16:02:11 - org.springframework.web.servlet.DispatcherServlet [http-nio-8080-exec-1] INFO  - Initializing Servlet 'dispatcherServlet'
09-03-2021 16:02:11 - org.springframework.web.servlet.DispatcherServlet [http-nio-8080-exec-1] INFO  - Completed initialization in 3 ms
09-03-2021 16:02:25 - nz.net.ultraq.thymeleaf.expressions.ExpressionProcessor [http-nio-8080-exec-1] WARN  - Fragment expression "layout" is being wrapped as a Thymeleaf 3 fragment expression (~{...}) for backwards compatibility purposes.  This wrapping will be dropped in the next major version of the expression processor, so please rewrite as a Thymeleaf 3 fragment expression to future-proof your code.  See https://github.com/thymeleaf/thymeleaf/issues/451 for more information.
